F S UID        PID  PPID  C PRI  NI ADDR SZ WCHAN    RSS PSR STIME TTY          TIME CMD
4 S root         1     0  0  80   0 -  5062 -       3180   1 09:11 pts/0    00:00:00 /bin/bash
0 R root        22     1  0  80   0 -  4379 -       2068   0 09:33 pts/0    00:00:00 ps -elF
4 S root         1     0  0  80   0 -  5062 -      09:11 pts/0    00:00:00 /bin/bash
0 R root        23     1  0  80   0 -  4379 -      09:33 pts/0    00:00:00 ps -elf --no-headers
4 S root         1     0  0  80   0 -  5063 -      09:11 pts/0    00:00:00 /bin/bash
0 R root        24     1  0  80   0 -  4379 -      09:35 pts/0    00:00:00 ps -elf --no-headers
4 S root         1     0  0  80   0 -  5063 -      09:11 pts/0    00:00:00 /bin/bash
0 R root        26     1  0  80   0 -  4379 -      09:35 pts/0    00:00:00 ps -elf --no-headers
4 S root         1     0  0  80   0 -  5063 -      09:11 pts/0    00:00:00 /bin/bash
0 R root        28     1  0  80   0 -  4379 -      09:35 pts/0    00:00:00 ps -elf --no-headers
4 S root         1     0  0  80   0 -  5063 -      09:11 pts/0    00:00:00 /bin/bash
0 R root        30     1  0  80   0 -  4379 -      09:35 pts/0    00:00:00 ps -elf --no-headers
4 S root         1     0  0  80   0 -  5063 -      09:11 pts/0    00:00:00 /bin/bash
0 R root        32     1  0  80   0 -  4379 -      09:35 pts/0    00:00:00 ps -elf --no-headers
4 S root         1     0  0  80   0 -  5063 -      09:11 pts/0    00:00:00 /bin/bash
0 R root        34     1  0  80   0 -  4379 -      09:35 pts/0    00:00:00 ps -elf --no-headers
4 S root         1     0  0  80   0 -  5063 -      09:11 pts/0    00:00:00 /bin/bash
0 R root        36     1  0  80   0 -  4379 -      09:35 pts/0    00:00:00 ps -elf --no-headers
4 S root         1     0  0  80   0 -  5063 -      09:11 pts/0    00:00:00 /bin/bash
0 R root        38     1  0  80   0 -  4379 -      09:35 pts/0    00:00:00 ps -elf --no-headers
4 S root         1     0  0  80   0 -  5063 -      09:11 pts/0    00:00:00 /bin/bash
0 R root        40     1  0  80   0 -  4379 -      09:35 pts/0    00:00:00 ps -elf --no-headers
4 S root         1     0  0  80   0 -  5063 -      09:11 pts/0    00:00:00 /bin/bash
0 R root        42     1  0  80   0 -  4379 -      09:36 pts/0    00:00:00 ps -elf --no-headers
4 S root         1     0  0  80   0 -  5063 -      09:11 pts/0    00:00:00 /bin/bash
0 R root        44     1  0  80   0 -  4379 -      09:36 pts/0    00:00:00 ps -elf --no-headers
4 S root         1     0  0  80   0 -  5063 -      09:11 pts/0    00:00:00 /bin/bash
0 R root        46     1  0  80   0 -  4379 -      09:36 pts/0    00:00:00 ps -elf --no-headers
4 S root         1     0  0  80   0 -  5063 -      09:11 pts/0    00:00:00 /bin/bash
0 R root        48     1  0  80   0 -  4379 -      09:36 pts/0    00:00:00 ps -elf --no-headers
4 S root         1     0  0  80   0 -  5063 -      09:11 pts/0    00:00:00 /bin/bash
0 R root        50     1  0  80   0 -  4379 -      09:36 pts/0    00:00:00 ps -elf --no-headers
4 S root         1     0  0  80   0 -  5063 -      09:11 pts/0    00:00:00 /bin/bash
0 R root        52     1  0  80   0 -  4379 -      09:36 pts/0    00:00:00 ps -elf --no-headers
4 S root         1     0  0  80   0 -  5063 -      09:11 pts/0    00:00:00 /bin/bash
0 R root        54     1  0  80   0 -  4379 -      09:36 pts/0    00:00:00 ps -elf --no-headers
4 S root         1     0  0  80   0 -  5063 -      09:11 pts/0    00:00:00 /bin/bash
0 R root        56     1  0  80   0 -  4379 -      09:36 pts/0    00:00:00 ps -elf --no-headers
4 S root         1     0  0  80   0 -  5063 -      09:11 pts/0    00:00:00 /bin/bash
0 R root        58     1  0  80   0 -  4379 -      09:36 pts/0    00:00:00 ps -elf --no-headers
4 S root         1     0  0  80   0 -  5063 -      09:11 pts/0    00:00:00 /bin/bash
0 R root        60     1  0  80   0 -  4379 -      09:36 pts/0    00:00:00 ps -elf --no-headers
4 S root         1     0  0  80   0 -  5063 -      09:11 pts/0    00:00:00 /bin/bash
0 R root        62     1  0  80   0 -  4379 -      09:36 pts/0    00:00:00 ps -elf --no-headers
4 S root         1     0  0  80   0 -  5063 -      09:11 pts/0    00:00:00 /bin/bash
0 R root        64     1  0  80   0 -  4379 -      09:36 pts/0    00:00:00 ps -elf --no-headers
4 S root         1     0  0  80   0 -  5063 -      09:11 pts/0    00:00:00 /bin/bash
0 R root        66     1  0  80   0 -  4379 -      09:37 pts/0    00:00:00 ps -elf --no-headers
4 S root         1     0  0  80   0 -  5063 -      09:11 pts/0    00:00:00 /bin/bash
0 R root        68     1  0  80   0 -  4379 -      09:37 pts/0    00:00:00 ps -elf --no-headers
4 S root         1     0  0  80   0 -  5063 -      09:11 pts/0    00:00:00 /bin/bash
0 R root        70     1  0  80   0 -  4379 -      09:37 pts/0    00:00:00 ps -elf --no-headers
4 S root         1     0  0  80   0 -  5063 -      09:11 pts/0    00:00:00 /bin/bash
0 R root        72     1  0  80   0 -  4379 -      09:37 pts/0    00:00:00 ps -elf --no-headers
4 S root         1     0  0  80   0 -  5063 -      09:11 pts/0    00:00:00 /bin/bash
0 R root        74     1  0  80   0 -  4379 -      09:37 pts/0    00:00:00 ps -elf --no-headers
4 S root         1     0  0  80   0 -  5063 -      09:11 pts/0    00:00:00 /bin/bash
0 R root        76     1  0  80   0 -  4379 -      09:37 pts/0    00:00:00 ps -elf --no-headers
4 S root         1     0  0  80   0 -  5063 -      09:11 pts/0    00:00:00 /bin/bash
0 R root        78     1  0  80   0 -  4379 -      09:37 pts/0    00:00:00 ps -elf --no-headers
4 S root         1     0  0  80   0 -  5063 -      09:11 pts/0    00:00:00 /bin/bash
0 R root        80     1  0  80   0 -  4379 -      09:37 pts/0    00:00:00 ps -elf --no-headers
4 S root         1     0  0  80   0 -  5063 -      09:11 pts/0    00:00:00 /bin/bash
0 R root        82     1  0  80   0 -  4379 -      09:37 pts/0    00:00:00 ps -elf --no-headers
4 S root         1     0  0  80   0 -  5063 -      09:11 pts/0    00:00:00 /bin/bash
0 R root        84     1  0  80   0 -  4379 -      09:37 pts/0    00:00:00 ps -elf --no-headers
4 S root         1     0  0  80   0 -  5063 -      09:11 pts/0    00:00:00 /bin/bash
0 R root        86     1  0  80   0 -  4379 -      09:37 pts/0    00:00:00 ps -elf --no-headers
4 S root         1     0  0  80   0 -  5063 -      09:11 pts/0    00:00:00 /bin/bash
0 R root        88     1  0  80   0 -  4379 -      09:37 pts/0    00:00:00 ps -elf --no-headers
4 S root         1     0  0  80   0 -  5063 -      09:11 pts/0    00:00:00 /bin/bash
0 R root        90     1  0  80   0 -  4379 -      09:38 pts/0    00:00:00 ps -elf --no-headers
4 S root         1     0  0  80   0 -  5063 -      09:11 pts/0    00:00:00 /bin/bash
0 R root        92     1  0  80   0 -  4379 -      09:38 pts/0    00:00:00 ps -elf --no-headers
4 S root         1     0  0  80   0 -  5063 -      09:11 pts/0    00:00:00 /bin/bash
0 R root        94     1  0  80   0 -  4379 -      09:38 pts/0    00:00:00 ps -elf --no-headers
4 S root         1     0  0  80   0 -  5063 -      09:11 pts/0    00:00:00 /bin/bash
0 R root        96     1  0  80   0 -  4379 -      09:38 pts/0    00:00:00 ps -elf --no-headers
4 S root         1     0  0  80   0 -  5063 -      09:11 pts/0    00:00:00 /bin/bash
0 R root        98     1  0  80   0 -  4379 -      09:38 pts/0    00:00:00 ps -elf --no-headers
4 S root         1     0  0  80   0 -  5063 -      09:11 pts/0    00:00:00 /bin/bash
0 R root       100     1  0  80   0 -  4379 -      09:38 pts/0    00:00:00 ps -elf --no-headers
4 S root         1     0  0  80   0 -  5063 -      09:11 pts/0    00:00:00 /bin/bash
0 R root       102     1  0  80   0 -  4379 -      09:38 pts/0    00:00:00 ps -elf --no-headers
4 S root         1     0  0  80   0 -  5063 -      09:11 pts/0    00:00:00 /bin/bash
0 R root       104     1  0  80   0 -  4379 -      09:38 pts/0    00:00:00 ps -elf --no-headers
4 S root         1     0  0  80   0 -  5063 -      09:11 pts/0    00:00:00 /bin/bash
0 R root       106     1  0  80   0 -  4379 -      09:38 pts/0    00:00:00 ps -elf --no-headers
4 S root         1     0  0  80   0 -  5063 -      09:11 pts/0    00:00:00 /bin/bash
0 R root       108     1  0  80   0 -  4379 -      09:38 pts/0    00:00:00 ps -elf --no-headers
4 S root         1     0  0  80   0 -  5063 -      09:11 pts/0    00:00:00 /bin/bash
0 R root       110     1  0  80   0 -  4379 -      09:38 pts/0    00:00:00 ps -elf --no-headers
4 S root         1     0  0  80   0 -  5063 -      09:11 pts/0    00:00:00 /bin/bash
0 R root       112     1  0  80   0 -  4379 -      09:38 pts/0    00:00:00 ps -elf --no-headers
4 S root         1     0  0  80   0 -  5063 -      09:11 pts/0    00:00:00 /bin/bash
0 R root       114     1  0  80   0 -  4379 -      09:39 pts/0    00:00:00 ps -elf --no-headers
4 S root         1     0  0  80   0 -  5063 -      09:11 pts/0    00:00:00 /bin/bash
0 R root       116     1  0  80   0 -  4379 -      09:39 pts/0    00:00:00 ps -elf --no-headers
4 S root         1     0  0  80   0 -  5063 -      09:11 pts/0    00:00:00 /bin/bash
0 R root       118     1  0  80   0 -  4379 -      09:39 pts/0    00:00:00 ps -elf --no-headers
4 S root         1     0  0  80   0 -  5063 -      09:11 pts/0    00:00:00 /bin/bash
0 R root       120     1  0  80   0 -  4379 -      09:39 pts/0    00:00:00 ps -elf --no-headers
4 S root         1     0  0  80   0 -  5063 -      09:11 pts/0    00:00:00 /bin/bash
0 R root       122     1  0  80   0 -  4379 -      09:39 pts/0    00:00:00 ps -elf --no-headers
4 S root         1     0  0  80   0 -  5063 -      09:11 pts/0    00:00:00 /bin/bash
0 R root       124     1  0  80   0 -  4379 -      09:39 pts/0    00:00:00 ps -elf --no-headers
4 S root         1     0  0  80   0 -  5063 -      09:11 pts/0    00:00:00 /bin/bash
0 R root       126     1  0  80   0 -  4379 -      09:39 pts/0    00:00:00 ps -elf --no-headers
4 S root         1     0  0  80   0 -  5063 -      09:11 pts/0    00:00:00 /bin/bash
0 R root       128     1  0  80   0 -  4379 -      09:39 pts/0    00:00:00 ps -elf --no-headers
4 S root         1     0  0  80   0 -  5063 -      09:11 pts/0    00:00:00 /bin/bash
0 R root       130     1  0  80   0 -  4379 -      09:39 pts/0    00:00:00 ps -elf --no-headers
4 S root         1     0  0  80   0 -  5063 -      09:11 pts/0    00:00:00 /bin/bash
0 R root       132     1  0  80   0 -  4379 -      09:39 pts/0    00:00:00 ps -elf --no-headers
4 S root         1     0  0  80   0 -  5063 -      09:11 pts/0    00:00:00 /bin/bash
0 R root       134     1  0  80   0 -  4379 -      09:39 pts/0    00:00:00 ps -elf --no-headers
4 S root         1     0  0  80   0 -  5063 -      09:11 pts/0    00:00:00 /bin/bash
0 R root       136     1  0  80   0 -  4379 -      09:39 pts/0    00:00:00 ps -elf --no-headers
4 S root         1     0  0  80   0 -  5063 -      09:11 pts/0    00:00:00 /bin/bash
0 R root       138     1  0  80   0 -  4379 -      09:40 pts/0    00:00:00 ps -elf --no-headers
4 S root         1     0  0  80   0 -  5063 -      09:11 pts/0    00:00:00 /bin/bash
0 R root       140     1  0  80   0 -  4379 -      09:40 pts/0    00:00:00 ps -elf --no-headers
4 S root         1     0  0  80   0 -  5063 -      09:11 pts/0    00:00:00 /bin/bash
0 R root       142     1  0  80   0 -  4379 -      09:40 pts/0    00:00:00 ps -elf --no-headers
4 S root         1     0  0  80   0 -  5063 -      09:11 pts/0    00:00:00 /bin/bash
0 R root       144     1  0  80   0 -  4379 -      09:40 pts/0    00:00:00 ps -elf --no-headers
4 S root         1     0  0  80   0 -  5063 -      09:11 pts/0    00:00:00 /bin/bash
0 R root       146     1  0  80   0 -  4379 -      09:40 pts/0    00:00:00 ps -elf --no-headers
4 S root         1     0  0  80   0 -  5063 -      09:11 pts/0    00:00:00 /bin/bash
0 R root       148     1  0  80   0 -  4379 -      09:40 pts/0    00:00:00 ps -elf --no-headers
4 S root         1     0  0  80   0 -  5063 -      09:11 pts/0    00:00:00 /bin/bash
0 R root       150     1  0  80   0 -  4379 -      09:40 pts/0    00:00:00 ps -elf --no-headers
4 S root         1     0  0  80   0 -  5063 -      09:11 pts/0    00:00:00 /bin/bash
0 R root       152     1  0  80   0 -  4379 -      09:40 pts/0    00:00:00 ps -elf --no-headers
4 S root         1     0  0  80   0 -  5063 -      09:11 pts/0    00:00:00 /bin/bash
0 R root       154     1  0  80   0 -  4379 -      09:40 pts/0    00:00:00 ps -elf --no-headers
4 S root         1     0  0  80   0 -  5063 -      09:11 pts/0    00:00:00 /bin/bash
0 R root       156     1  0  80   0 -  4379 -      09:40 pts/0    00:00:00 ps -elf --no-headers
4 S root         1     0  0  80   0 -  5063 -      09:11 pts/0    00:00:00 /bin/bash
0 R root       158     1  0  80   0 -  4379 -      09:40 pts/0    00:00:00 ps -elf --no-headers
4 S root         1     0  0  80   0 -  5063 -      09:11 pts/0    00:00:00 /bin/bash
0 R root       160     1  0  80   0 -  4379 -      09:40 pts/0    00:00:00 ps -elf --no-headers
4 S root         1     0  0  80   0 -  5063 -      09:11 pts/0    00:00:00 /bin/bash
0 R root       162     1  0  80   0 -  4379 -      09:41 pts/0    00:00:00 ps -elf --no-headers
4 S root         1     0  0  80   0 -  5063 -      09:11 pts/0    00:00:00 /bin/bash
0 R root       164     1  0  80   0 -  4379 -      09:41 pts/0    00:00:00 ps -elf --no-headers
4 S root         1     0  0  80   0 -  5063 -      09:11 pts/0    00:00:00 /bin/bash
0 R root       166     1  0  80   0 -  4379 -      09:41 pts/0    00:00:00 ps -elf --no-headers
4 S root         1     0  0  80   0 -  5063 -      09:11 pts/0    00:00:00 /bin/bash
0 R root       168     1  0  80   0 -  4379 -      09:41 pts/0    00:00:00 ps -elf --no-headers
4 S root         1     0  0  80   0 -  5063 -      09:11 pts/0    00:00:00 /bin/bash
0 R root       170     1  0  80   0 -  4379 -      09:41 pts/0    00:00:00 ps -elf --no-headers
4 S root         1     0  0  80   0 -  5063 -      09:11 pts/0    00:00:00 /bin/bash
0 R root       172     1  0  80   0 -  4379 -      09:41 pts/0    00:00:00 ps -elf --no-headers
4 S root         1     0  0  80   0 -  5063 -      09:11 pts/0    00:00:00 /bin/bash
0 R root       174     1  0  80   0 -  4379 -      09:41 pts/0    00:00:00 ps -elf --no-headers
4 S root         1     0  0  80   0 -  5063 -      09:11 pts/0    00:00:00 /bin/bash
0 R root       176     1  0  80   0 -  4379 -      09:41 pts/0    00:00:00 ps -elf --no-headers
4 S root         1     0  0  80   0 -  5063 -      09:11 pts/0    00:00:00 /bin/bash
0 R root       178     1  0  80   0 -  4379 -      09:41 pts/0    00:00:00 ps -elf --no-headers
4 S root         1     0  0  80   0 -  5063 -      09:11 pts/0    00:00:00 /bin/bash
0 R root       180     1  0  80   0 -  4379 -      09:41 pts/0    00:00:00 ps -elf --no-headers
4 S root         1     0  0  80   0 -  5063 -      09:11 pts/0    00:00:00 /bin/bash
0 R root       182     1  0  80   0 -  4379 -      09:41 pts/0    00:00:00 ps -elf --no-headers
4 S root         1     0  0  80   0 -  5063 -      09:11 pts/0    00:00:00 /bin/bash
0 R root       184     1  0  80   0 -  4379 -      09:41 pts/0    00:00:00 ps -elf --no-headers
4 S root         1     0  0  80   0 -  5063 -      09:11 pts/0    00:00:00 /bin/bash
0 R root       186     1  0  80   0 -  4379 -      09:42 pts/0    00:00:00 ps -elf --no-headers
4 S root         1     0  0  80   0 -  5063 -      09:11 pts/0    00:00:00 /bin/bash
0 R root       188     1  0  80   0 -  4379 -      09:42 pts/0    00:00:00 ps -elf --no-headers
4 S root         1     0  0  80   0 -  5063 -      09:11 pts/0    00:00:00 /bin/bash
0 R root       190     1  0  80   0 -  4379 -      09:42 pts/0    00:00:00 ps -elf --no-headers
4 S root         1     0  0  80   0 -  5063 -      09:11 pts/0    00:00:00 /bin/bash
0 R root       192     1  0  80   0 -  4379 -      09:42 pts/0    00:00:00 ps -elf --no-headers
4 S root         1     0  0  80   0 -  5063 -      09:11 pts/0    00:00:00 /bin/bash
0 R root       194     1  0  80   0 -  4379 -      09:42 pts/0    00:00:00 ps -elf --no-headers
4 S root         1     0  0  80   0 -  5063 -      09:11 pts/0    00:00:00 /bin/bash
0 R root       196     1  0  80   0 -  4379 -      09:42 pts/0    00:00:00 ps -elf --no-headers
4 S root         1     0  0  80   0 -  5063 -      09:11 pts/0    00:00:00 /bin/bash
0 R root       198     1  0  80   0 -  4379 -      09:42 pts/0    00:00:00 ps -elf --no-headers
4 S root         1     0  0  80   0 -  5063 -      09:11 pts/0    00:00:00 /bin/bash
0 R root       200     1  0  80   0 -  4379 -      09:42 pts/0    00:00:00 ps -elf --no-headers
4 S root         1     0  0  80   0 -  5063 -      09:11 pts/0    00:00:00 /bin/bash
0 R root       202     1  0  80   0 -  4379 -      09:42 pts/0    00:00:00 ps -elf --no-headers
4 S root         1     0  0  80   0 -  5063 -      09:11 pts/0    00:00:00 /bin/bash
0 R root       204     1  0  80   0 -  4379 -      09:42 pts/0    00:00:00 ps -elf --no-headers
4 S root         1     0  0  80   0 -  5063 -      09:11 pts/0    00:00:00 /bin/bash
0 R root       206     1  0  80   0 -  4379 -      09:42 pts/0    00:00:00 ps -elf --no-headers
4 S root         1     0  0  80   0 -  5063 -      09:11 pts/0    00:00:00 /bin/bash
0 R root       208     1  0  80   0 -  4379 -      09:42 pts/0    00:00:00 ps -elf --no-headers
4 S root         1     0  0  80   0 -  5063 -      09:11 pts/0    00:00:00 /bin/bash
0 R root       210     1  0  80   0 -  4379 -      09:43 pts/0    00:00:00 ps -elf --no-headers
4 S root         1     0  0  80   0 -  5063 -      09:11 pts/0    00:00:00 /bin/bash
0 R root       212     1  0  80   0 -  4379 -      09:43 pts/0    00:00:00 ps -elf --no-headers
4 S root         1     0  0  80   0 -  5063 -      09:11 pts/0    00:00:00 /bin/bash
0 R root       214     1  0  80   0 -  4379 -      09:43 pts/0    00:00:00 ps -elf --no-headers
4 S root         1     0  0  80   0 -  5063 -      09:11 pts/0    00:00:00 /bin/bash
0 R root       216     1  0  80   0 -  4379 -      09:43 pts/0    00:00:00 ps -elf --no-headers
4 S root         1     0  0  80   0 -  5063 -      09:11 pts/0    00:00:00 /bin/bash
0 R root       218     1  0  80   0 -  4379 -      09:43 pts/0    00:00:00 ps -elf --no-headers
4 S root         1     0  0  80   0 -  5063 -      09:11 pts/0    00:00:00 /bin/bash
0 R root       220     1  0  80   0 -  4379 -      09:43 pts/0    00:00:00 ps -elf --no-headers
4 S root         1     0  0  80   0 -  5063 -      09:11 pts/0    00:00:00 /bin/bash
0 R root       222     1  0  80   0 -  4379 -      09:43 pts/0    00:00:00 ps -elf --no-headers
4 S root         1     0  0  80   0 -  5063 -      09:11 pts/0    00:00:00 /bin/bash
0 R root       224     1  0  80   0 -  4379 -      09:43 pts/0    00:00:00 ps -elf --no-headers
4 S root         1     0  0  80   0 -  5063 -      09:11 pts/0    00:00:00 /bin/bash
0 R root       226     1  0  80   0 -  4379 -      09:43 pts/0    00:00:00 ps -elf --no-headers
4 S root         1     0  0  80   0 -  5063 -      09:11 pts/0    00:00:00 /bin/bash
0 R root       228     1  0  80   0 -  4379 -      09:43 pts/0    00:00:00 ps -elf --no-headers
4 S root         1     0  0  80   0 -  5063 -      09:11 pts/0    00:00:00 /bin/bash
0 R root       230     1  0  80   0 -  4379 -      09:43 pts/0    00:00:00 ps -elf --no-headers
4 S root         1     0  0  80   0 -  5063 -      09:11 pts/0    00:00:00 /bin/bash
0 R root       232     1  0  80   0 -  4379 -      09:43 pts/0    00:00:00 ps -elf --no-headers
4 S root         1     0  0  80   0 -  5063 -      09:11 pts/0    00:00:00 /bin/bash
0 R root       234     1  0  80   0 -  4379 -      09:44 pts/0    00:00:00 ps -elf --no-headers
4 S root         1     0  0  80   0 -  5063 -      09:11 pts/0    00:00:00 /bin/bash
0 R root       236     1  0  80   0 -  4379 -      09:44 pts/0    00:00:00 ps -elf --no-headers
4 S root         1     0  0  80   0 -  5063 -      09:11 pts/0    00:00:00 /bin/bash
0 R root       238     1  0  80   0 -  4379 -      09:44 pts/0    00:00:00 ps -elf --no-headers
4 S root         1     0  0  80   0 -  5063 -      09:11 pts/0    00:00:00 /bin/bash
0 R root       240     1  0  80   0 -  4379 -      09:44 pts/0    00:00:00 ps -elf --no-headers
4 S root         1     0  0  80   0 -  5063 -      09:11 pts/0    00:00:00 /bin/bash
0 R root       242     1  0  80   0 -  4379 -      09:44 pts/0    00:00:00 ps -elf --no-headers
4 S root         1     0  0  80   0 -  5063 -      09:11 pts/0    00:00:00 /bin/bash
0 R root       244     1  0  80   0 -  4379 -      09:44 pts/0    00:00:00 ps -elf --no-headers
4 S root         1     0  0  80   0 -  5063 -      09:11 pts/0    00:00:00 /bin/bash
0 R root       246     1  0  80   0 -  4379 -      09:44 pts/0    00:00:00 ps -elf --no-headers
4 S root         1     0  0  80   0 -  5063 -      09:11 pts/0    00:00:00 /bin/bash
0 R root       248     1  0  80   0 -  4379 -      09:44 pts/0    00:00:00 ps -elf --no-headers
4 S root         1     0  0  80   0 -  5063 -      09:11 pts/0    00:00:00 /bin/bash
0 R root       250     1  0  80   0 -  4379 -      09:44 pts/0    00:00:00 ps -elf --no-headers
4 S root         1     0  0  80   0 -  5063 -      09:11 pts/0    00:00:00 /bin/bash
0 R root       252     1  0  80   0 -  4379 -      09:44 pts/0    00:00:00 ps -elf --no-headers
4 S root         1     0  0  80   0 -  5063 -      09:11 pts/0    00:00:00 /bin/bash
0 R root       254     1  0  80   0 -  4379 -      09:44 pts/0    00:00:00 ps -elf --no-headers
4 S root         1     0  0  80   0 -  5063 -      09:11 pts/0    00:00:00 /bin/bash
0 R root       256     1  0  80   0 -  4379 -      09:45 pts/0    00:00:00 ps -elf --no-headers
4 S root         1     0  0  80   0 -  5063 -      09:11 pts/0    00:00:00 /bin/bash
0 R root       258     1  0  80   0 -  4379 -      09:45 pts/0    00:00:00 ps -elf --no-headers
4 S root         1     0  0  80   0 -  5063 -      09:11 pts/0    00:00:00 /bin/bash
0 R root       260     1  0  80   0 -  4379 -      09:45 pts/0    00:00:00 ps -elf --no-headers
4 S root         1     0  0  80   0 -  5063 -      09:11 pts/0    00:00:00 /bin/bash
0 R root       262     1  0  80   0 -  4379 -      09:45 pts/0    00:00:00 ps -elf --no-headers
4 S root         1     0  0  80   0 -  5063 -      09:11 pts/0    00:00:00 /bin/bash
0 R root       264     1  0  80   0 -  4379 -      09:45 pts/0    00:00:00 ps -elf --no-headers
4 S root         1     0  0  80   0 -  5063 -      09:11 pts/0    00:00:00 /bin/bash
0 R root       266     1  0  80   0 -  4379 -      09:45 pts/0    00:00:00 ps -elf --no-headers
4 S root         1     0  0  80   0 -  5063 -      09:11 pts/0    00:00:00 /bin/bash
0 R root       268     1  0  80   0 -  4379 -      09:45 pts/0    00:00:00 ps -elf --no-headers
4 S root         1     0  0  80   0 -  5063 -      09:11 pts/0    00:00:00 /bin/bash
0 R root       270     1  0  80   0 -  4379 -      09:45 pts/0    00:00:00 ps -elf --no-headers
4 S root         1     0  0  80   0 -  5063 -      09:11 pts/0    00:00:00 /bin/bash
0 R root       272     1  0  80   0 -  4379 -      09:45 pts/0    00:00:00 ps -elf --no-headers
4 S root         1     0  0  80   0 -  5063 -      09:11 pts/0    00:00:00 /bin/bash
0 R root       274     1  0  80   0 -  4379 -      09:45 pts/0    00:00:00 ps -elf --no-headers
4 S root         1     0  0  80   0 -  5063 -      09:11 pts/0    00:00:00 /bin/bash
0 R root       276     1  0  80   0 -  4379 -      09:45 pts/0    00:00:00 ps -elf --no-headers
4 S root         1     0  0  80   0 -  5063 -      09:11 pts/0    00:00:00 /bin/bash
0 R root       278     1  0  80   0 -  4379 -      09:45 pts/0    00:00:00 ps -elf --no-headers
4 S root         1     0  0  80   0 -  5063 -      09:11 pts/0    00:00:00 /bin/bash
0 R root       280     1  0  80   0 -  4379 -      09:46 pts/0    00:00:00 ps -elf --no-headers
4 S root         1     0  0  80   0 -  5063 -      09:11 pts/0    00:00:00 /bin/bash
0 R root       282     1  0  80   0 -  4379 -      09:46 pts/0    00:00:00 ps -elf --no-headers
4 S root         1     0  0  80   0 -  5063 -      09:11 pts/0    00:00:00 /bin/bash
0 R root       284     1  0  80   0 -  4379 -      09:46 pts/0    00:00:00 ps -elf --no-headers
4 S root         1     0  0  80   0 -  5063 -      09:11 pts/0    00:00:00 /bin/bash
0 R root       286     1  0  80   0 -  4379 -      09:46 pts/0    00:00:00 ps -elf --no-headers
4 S root         1     0  0  80   0 -  5063 -      09:11 pts/0    00:00:00 /bin/bash
0 R root       288     1  0  80   0 -  4379 -      09:46 pts/0    00:00:00 ps -elf --no-headers
4 S root         1     0  0  80   0 -  5063 -      09:11 pts/0    00:00:00 /bin/bash
0 R root       290     1  0  80   0 -  4379 -      09:46 pts/0    00:00:00 ps -elf --no-headers
4 S root         1     0  0  80   0 -  5063 -      09:11 pts/0    00:00:00 /bin/bash
0 R root       292     1  0  80   0 -  4379 -      09:46 pts/0    00:00:00 ps -elf --no-headers
4 S root         1     0  0  80   0 -  5063 -      09:11 pts/0    00:00:00 /bin/bash
0 R root       294     1  0  80   0 -  4379 -      09:46 pts/0    00:00:00 ps -elf --no-headers
4 S root         1     0  0  80   0 -  5063 -      09:11 pts/0    00:00:00 /bin/bash
0 R root       296     1  0  80   0 -  4379 -      09:46 pts/0    00:00:00 ps -elf --no-headers
4 S root         1     0  0  80   0 -  5063 -      09:11 pts/0    00:00:00 /bin/bash
0 R root       298     1  0  80   0 -  4379 -      09:46 pts/0    00:00:00 ps -elf --no-headers
4 S root         1     0  0  80   0 -  5063 -      09:11 pts/0    00:00:00 /bin/bash
0 R root       300     1  0  80   0 -  4379 -      09:46 pts/0    00:00:00 ps -elf --no-headers
4 S root         1     0  0  80   0 -  5063 -      09:11 pts/0    00:00:00 /bin/bash
0 R root       302     1  0  80   0 -  4379 -      09:46 pts/0    00:00:00 ps -elf --no-headers
4 S root         1     0  0  80   0 -  5063 -      09:11 pts/0    00:00:00 /bin/bash
0 R root       304     1  0  80   0 -  4379 -      09:47 pts/0    00:00:00 ps -elf --no-headers
4 S root         1     0  0  80   0 -  5063 -      09:11 pts/0    00:00:00 /bin/bash
0 R root       306     1  0  80   0 -  4379 -      09:47 pts/0    00:00:00 ps -elf --no-headers
4 S root         1     0  0  80   0 -  5063 -      09:11 pts/0    00:00:00 /bin/bash
0 R root       308     1  0  80   0 -  4379 -      09:47 pts/0    00:00:00 ps -elf --no-headers
4 S root         1     0  0  80   0 -  5063 -      09:11 pts/0    00:00:00 /bin/bash
0 R root       310     1  0  80   0 -  4379 -      09:47 pts/0    00:00:00 ps -elf --no-headers
4 S root         1     0  0  80   0 -  5063 -      09:11 pts/0    00:00:00 /bin/bash
0 R root       312     1  0  80   0 -  4379 -      09:47 pts/0    00:00:00 ps -elf --no-headers
4 S root         1     0  0  80   0 -  5063 -      09:11 pts/0    00:00:00 /bin/bash
0 R root       314     1  0  80   0 -  4379 -      09:47 pts/0    00:00:00 ps -elf --no-headers
4 S root         1     0  0  80   0 -  5063 -      09:11 pts/0    00:00:00 /bin/bash
0 R root       316     1  0  80   0 -  4379 -      09:47 pts/0    00:00:00 ps -elf --no-headers
4 S root         1     0  0  80   0 -  5063 -      09:11 pts/0    00:00:00 /bin/bash
0 R root       318     1  0  80   0 -  4379 -      09:47 pts/0    00:00:00 ps -elf --no-headers
4 S root         1     0  0  80   0 -  5063 -      09:11 pts/0    00:00:00 /bin/bash
0 R root       320     1  0  80   0 -  4379 -      09:47 pts/0    00:00:00 ps -elf --no-headers
4 S root         1     0  0  80   0 -  5063 -      09:11 pts/0    00:00:00 /bin/bash
0 R root       322     1  0  80   0 -  4379 -      09:47 pts/0    00:00:00 ps -elf --no-headers
4 S root         1     0  0  80   0 -  5063 -      09:11 pts/0    00:00:00 /bin/bash
0 R root       324     1  0  80   0 -  4379 -      09:47 pts/0    00:00:00 ps -elf --no-headers
4 S root         1     0  0  80   0 -  5063 -      09:11 pts/0    00:00:00 /bin/bash
0 R root       326     1  0  80   0 -  4379 -      09:47 pts/0    00:00:00 ps -elf --no-headers
4 S root         1     0  0  80   0 -  5063 -      09:11 pts/0    00:00:00 /bin/bash
0 R root       328     1  0  80   0 -  4379 -      09:48 pts/0    00:00:00 ps -elf --no-headers
4 S root         1     0  0  80   0 -  5063 -      09:11 pts/0    00:00:00 /bin/bash
0 R root       330     1  0  80   0 -  4379 -      09:48 pts/0    00:00:00 ps -elf --no-headers
4 S root         1     0  0  80   0 -  5063 -      09:11 pts/0    00:00:00 /bin/bash
0 R root       332     1  0  80   0 -  4379 -      09:48 pts/0    00:00:00 ps -elf --no-headers
4 S root         1     0  0  80   0 -  5063 -      09:11 pts/0    00:00:00 /bin/bash
0 R root       334     1  0  80   0 -  4379 -      09:48 pts/0    00:00:00 ps -elf --no-headers
4 S root         1     0  0  80   0 -  5063 -      09:11 pts/0    00:00:00 /bin/bash
0 R root       336     1  0  80   0 -  4379 -      09:48 pts/0    00:00:00 ps -elf --no-headers
4 S root         1     0  0  80   0 -  5063 -      09:11 pts/0    00:00:00 /bin/bash
0 R root       338     1  0  80   0 -  4379 -      09:48 pts/0    00:00:00 ps -elf --no-headers
4 S root         1     0  0  80   0 -  5063 -      09:11 pts/0    00:00:00 /bin/bash
0 R root       340     1  0  80   0 -  4379 -      09:48 pts/0    00:00:00 ps -elf --no-headers
4 S root         1     0  0  80   0 -  5063 -      09:11 pts/0    00:00:00 /bin/bash
0 R root       342     1  0  80   0 -  4379 -      09:48 pts/0    00:00:00 ps -elf --no-headers
4 S root         1     0  0  80   0 -  5063 -      09:11 pts/0    00:00:00 /bin/bash
0 R root       344     1  0  80   0 -  4379 -      09:48 pts/0    00:00:00 ps -elf --no-headers
4 S root         1     0  0  80   0 -  5063 -      09:11 pts/0    00:00:00 /bin/bash
0 R root       346     1  0  80   0 -  4379 -      09:48 pts/0    00:00:00 ps -elf --no-headers
4 S root         1     0  0  80   0 -  5063 -      09:11 pts/0    00:00:00 /bin/bash
0 R root       348     1  0  80   0 -  4379 -      09:48 pts/0    00:00:00 ps -elf --no-headers
4 S root         1     0  0  80   0 -  5063 -      09:11 pts/0    00:00:00 /bin/bash
0 R root       350     1  0  80   0 -  4379 -      09:48 pts/0    00:00:00 ps -elf --no-headers
4 S root         1     0  0  80   0 -  5063 -      09:11 pts/0    00:00:00 /bin/bash
0 R root       352     1  0  80   0 -  4379 -      09:49 pts/0    00:00:00 ps -elf --no-headers
4 S root         1     0  0  80   0 -  5063 -      09:11 pts/0    00:00:00 /bin/bash
0 R root       354     1  0  80   0 -  4379 -      09:49 pts/0    00:00:00 ps -elf --no-headers
4 S root         1     0  0  80   0 -  5063 -      09:11 pts/0    00:00:00 /bin/bash
0 R root       356     1  0  80   0 -  4379 -      09:49 pts/0    00:00:00 ps -elf --no-headers
4 S root         1     0  0  80   0 -  5063 -      09:11 pts/0    00:00:00 /bin/bash
0 R root       358     1  0  80   0 -  4379 -      09:49 pts/0    00:00:00 ps -elf --no-headers
4 S root         1     0  0  80   0 -  5063 -      09:11 pts/0    00:00:00 /bin/bash
0 R root       360     1  0  80   0 -  4379 -      09:49 pts/0    00:00:00 ps -elf --no-headers
4 S root         1     0  0  80   0 -  5063 -      09:11 pts/0    00:00:00 /bin/bash
0 R root       362     1  0  80   0 -  4379 -      09:49 pts/0    00:00:00 ps -elf --no-headers
4 S root         1     0  0  80   0 -  5063 -      09:11 pts/0    00:00:00 /bin/bash
0 R root       364     1  0  80   0 -  4379 -      09:49 pts/0    00:00:00 ps -elf --no-headers
4 S root         1     0  0  80   0 -  5063 -      09:11 pts/0    00:00:00 /bin/bash
0 R root       366     1  0  80   0 -  4379 -      09:49 pts/0    00:00:00 ps -elf --no-headers
4 S root         1     0  0  80   0 -  5063 -      09:11 pts/0    00:00:00 /bin/bash
0 R root       368     1  0  80   0 -  4379 -      09:49 pts/0    00:00:00 ps -elf --no-headers
4 S root         1     0  0  80   0 -  5063 -      09:11 pts/0    00:00:00 /bin/bash
0 R root       370     1  0  80   0 -  4379 -      09:49 pts/0    00:00:00 ps -elf --no-headers
4 S root         1     0  0  80   0 -  5063 -      09:11 pts/0    00:00:00 /bin/bash
0 R root       372     1  0  80   0 -  4379 -      09:49 pts/0    00:00:00 ps -elf --no-headers
4 S root         1     0  0  80   0 -  5063 -      09:11 pts/0    00:00:00 /bin/bash
0 R root       374     1  0  80   0 -  4379 -      09:49 pts/0    00:00:00 ps -elf --no-headers
4 S root         1     0  0  80   0 -  5063 -      09:11 pts/0    00:00:00 /bin/bash
0 R root       376     1  0  80   0 -  4379 -      09:50 pts/0    00:00:00 ps -elf --no-headers
4 S root         1     0  0  80   0 -  5063 -      09:11 pts/0    00:00:00 /bin/bash
0 R root       378     1  0  80   0 -  4379 -      09:50 pts/0    00:00:00 ps -elf --no-headers
4 S root         1     0  0  80   0 -  5063 -      09:11 pts/0    00:00:00 /bin/bash
0 R root       380     1  0  80   0 -  4379 -      09:50 pts/0    00:00:00 ps -elf --no-headers
4 S root         1     0  0  80   0 -  5063 -      09:11 pts/0    00:00:00 /bin/bash
0 R root       382     1  0  80   0 -  4379 -      09:50 pts/0    00:00:00 ps -elf --no-headers
4 S root         1     0  0  80   0 -  5063 -      09:11 pts/0    00:00:00 /bin/bash
0 R root       384     1  0  80   0 -  4379 -      09:50 pts/0    00:00:00 ps -elf --no-headers
4 S root         1     0  0  80   0 -  5063 -      09:11 pts/0    00:00:00 /bin/bash
0 R root       386     1  0  80   0 -  4379 -      09:50 pts/0    00:00:00 ps -elf --no-headers
4 S root         1     0  0  80   0 -  5063 -      09:11 pts/0    00:00:00 /bin/bash
0 R root       388     1  0  80   0 -  4379 -      09:50 pts/0    00:00:00 ps -elf --no-headers
4 S root         1     0  0  80   0 -  5063 -      09:11 pts/0    00:00:00 /bin/bash
0 R root       390     1  0  80   0 -  4379 -      09:50 pts/0    00:00:00 ps -elf --no-headers
4 S root         1     0  0  80   0 -  5063 -      09:11 pts/0    00:00:00 /bin/bash
0 R root       392     1  0  80   0 -  4379 -      09:50 pts/0    00:00:00 ps -elf --no-headers
4 S root         1     0  0  80   0 -  5063 -      09:11 pts/0    00:00:00 /bin/bash
0 R root       394     1  0  80   0 -  4379 -      09:50 pts/0    00:00:00 ps -elf --no-headers
4 S root         1     0  0  80   0 -  5063 -      09:11 pts/0    00:00:00 /bin/bash
0 R root       396     1  0  80   0 -  4379 -      09:50 pts/0    00:00:00 ps -elf --no-headers
4 S root         1     0  0  80   0 -  5063 -      09:11 pts/0    00:00:00 /bin/bash
0 R root       398     1  0  80   0 -  4379 -      09:50 pts/0    00:00:00 ps -elf --no-headers
4 S root         1     0  0  80   0 -  5063 -      09:11 pts/0    00:00:00 /bin/bash
0 R root       400     1  0  80   0 -  4379 -      09:51 pts/0    00:00:00 ps -elf --no-headers
4 S root         1     0  0  80   0 -  5063 -      09:11 pts/0    00:00:00 /bin/bash
0 R root       402     1  0  80   0 -  4379 -      09:51 pts/0    00:00:00 ps -elf --no-headers
4 S root         1     0  0  80   0 -  5063 -      09:11 pts/0    00:00:00 /bin/bash
0 R root       404     1  0  80   0 -  4379 -      09:51 pts/0    00:00:00 ps -elf --no-headers
4 S root         1     0  0  80   0 -  5063 -      09:11 pts/0    00:00:00 /bin/bash
0 R root       406     1  0  80   0 -  4379 -      09:51 pts/0    00:00:00 ps -elf --no-headers
4 S root         1     0  0  80   0 -  5063 -      09:11 pts/0    00:00:00 /bin/bash
0 R root       408     1  0  80   0 -  4379 -      09:51 pts/0    00:00:00 ps -elf --no-headers
4 S root         1     0  0  80   0 -  5063 -      09:11 pts/0    00:00:00 /bin/bash
0 R root       410     1  0  80   0 -  4379 -      09:51 pts/0    00:00:00 ps -elf --no-headers
4 S root         1     0  0  80   0 -  5063 -      09:11 pts/0    00:00:00 /bin/bash
0 R root       412     1  0  80   0 -  4379 -      09:51 pts/0    00:00:00 ps -elf --no-headers
4 S root         1     0  0  80   0 -  5063 -      09:11 pts/0    00:00:00 /bin/bash
0 R root       414     1  0  80   0 -  4379 -      09:51 pts/0    00:00:00 ps -elf --no-headers
4 S root         1     0  0  80   0 -  5063 -      09:11 pts/0    00:00:00 /bin/bash
0 R root       416     1  0  80   0 -  4379 -      09:51 pts/0    00:00:00 ps -elf --no-headers
4 S root         1     0  0  80   0 -  5063 -      09:11 pts/0    00:00:00 /bin/bash
0 R root       418     1  0  80   0 -  4379 -      09:51 pts/0    00:00:00 ps -elf --no-headers
4 S root         1     0  0  80   0 -  5063 -      09:11 pts/0    00:00:00 /bin/bash
0 R root       420     1  0  80   0 -  4379 -      09:51 pts/0    00:00:00 ps -elf --no-headers
4 S root         1     0  0  80   0 -  5063 -      09:11 pts/0    00:00:00 /bin/bash
0 R root       422     1  0  80   0 -  4379 -      09:51 pts/0    00:00:00 ps -elf --no-headers
4 S root         1     0  0  80   0 -  5063 -      09:11 pts/0    00:00:00 /bin/bash
0 R root       424     1  0  80   0 -  4379 -      09:52 pts/0    00:00:00 ps -elf --no-headers
4 S root         1     0  0  80   0 -  5063 -      09:11 pts/0    00:00:00 /bin/bash
0 R root       426     1  0  80   0 -  4379 -      09:52 pts/0    00:00:00 ps -elf --no-headers
4 S root         1     0  0  80   0 -  5063 -      09:11 pts/0    00:00:00 /bin/bash
0 R root       428     1  0  80   0 -  4379 -      09:52 pts/0    00:00:00 ps -elf --no-headers
4 S root         1     0  0  80   0 -  5063 -      09:11 pts/0    00:00:00 /bin/bash
0 R root       430     1  0  80   0 -  4379 -      09:52 pts/0    00:00:00 ps -elf --no-headers
4 S root         1     0  0  80   0 -  5063 -      09:11 pts/0    00:00:00 /bin/bash
0 R root       432     1  0  80   0 -  4379 -      09:52 pts/0    00:00:00 ps -elf --no-headers
4 S root         1     0  0  80   0 -  5063 -      09:11 pts/0    00:00:00 /bin/bash
0 R root       434     1  0  80   0 -  4379 -      09:52 pts/0    00:00:00 ps -elf --no-headers
4 S root         1     0  0  80   0 -  5063 -      09:11 pts/0    00:00:00 /bin/bash
0 R root       436     1  0  80   0 -  4379 -      09:52 pts/0    00:00:00 ps -elf --no-headers
4 S root         1     0  0  80   0 -  5063 -      09:11 pts/0    00:00:00 /bin/bash
0 R root       438     1  0  80   0 -  4379 -      09:52 pts/0    00:00:00 ps -elf --no-headers
4 S root         1     0  0  80   0 -  5063 -      09:11 pts/0    00:00:00 /bin/bash
0 R root       440     1  0  80   0 -  4379 -      09:52 pts/0    00:00:00 ps -elf --no-headers
4 S root         1     0  0  80   0 -  5063 -      09:11 pts/0    00:00:00 /bin/bash
0 R root       442     1  0  80   0 -  4379 -      09:52 pts/0    00:00:00 ps -elf --no-headers
4 S root         1     0  0  80   0 -  5063 -      09:11 pts/0    00:00:00 /bin/bash
0 R root       444     1  0  80   0 -  4379 -      09:52 pts/0    00:00:00 ps -elf --no-headers
4 S root         1     0  0  80   0 -  5063 -      09:11 pts/0    00:00:00 /bin/bash
0 R root       446     1  0  80   0 -  4379 -      09:52 pts/0    00:00:00 ps -elf --no-headers
4 S root         1     0  0  80   0 -  5063 -      09:11 pts/0    00:00:00 /bin/bash
0 R root       448     1  0  80   0 -  4379 -      09:53 pts/0    00:00:00 ps -elf --no-headers
4 S root         1     0  0  80   0 -  5063 -      09:11 pts/0    00:00:00 /bin/bash
0 R root       450     1  0  80   0 -  4379 -      09:53 pts/0    00:00:00 ps -elf --no-headers
4 S root         1     0  0  80   0 -  5063 -      09:11 pts/0    00:00:00 /bin/bash
0 R root       452     1  0  80   0 -  4379 -      09:53 pts/0    00:00:00 ps -elf --no-headers
4 S root         1     0  0  80   0 -  5063 -      09:11 pts/0    00:00:00 /bin/bash
0 R root       454     1  0  80   0 -  4379 -      09:53 pts/0    00:00:00 ps -elf --no-headers
4 S root         1     0  0  80   0 -  5063 -      09:11 pts/0    00:00:00 /bin/bash
0 R root       456     1  0  80   0 -  4379 -      09:53 pts/0    00:00:00 ps -elf --no-headers
4 S root         1     0  0  80   0 -  5063 -      09:11 pts/0    00:00:00 /bin/bash
0 R root       458     1  0  80   0 -  4379 -      09:53 pts/0    00:00:00 ps -elf --no-headers
4 S root         1     0  0  80   0 -  5063 -      09:11 pts/0    00:00:00 /bin/bash
0 R root       460     1  0  80   0 -  4379 -      09:53 pts/0    00:00:00 ps -elf --no-headers
4 S root         1     0  0  80   0 -  5063 -      09:11 pts/0    00:00:00 /bin/bash
0 R root       462     1  0  80   0 -  4379 -      09:53 pts/0    00:00:00 ps -elf --no-headers
4 S root         1     0  0  80   0 -  5063 -      09:11 pts/0    00:00:00 /bin/bash
0 R root       464     1  0  80   0 -  4379 -      09:53 pts/0    00:00:00 ps -elf --no-headers
4 S root         1     0  0  80   0 -  5063 -      09:11 pts/0    00:00:00 /bin/bash
0 R root       466     1  0  80   0 -  4379 -      09:53 pts/0    00:00:00 ps -elf --no-headers
4 S root         1     0  0  80   0 -  5063 -      09:11 pts/0    00:00:00 /bin/bash
0 R root       468     1  0  80   0 -  4379 -      09:53 pts/0    00:00:00 ps -elf --no-headers
4 S root         1     0  0  80   0 -  5063 -      09:11 pts/0    00:00:00 /bin/bash
0 R root       470     1  0  80   0 -  4379 -      09:53 pts/0    00:00:00 ps -elf --no-headers
4 S root         1     0  0  80   0 -  5063 -      09:11 pts/0    00:00:00 /bin/bash
0 R root       472     1  0  80   0 -  4379 -      09:54 pts/0    00:00:00 ps -elf --no-headers
4 S root         1     0  0  80   0 -  5063 -      09:11 pts/0    00:00:00 /bin/bash
0 R root       474     1  0  80   0 -  4379 -      09:54 pts/0    00:00:00 ps -elf --no-headers
4 S root         1     0  0  80   0 -  5063 -      09:11 pts/0    00:00:00 /bin/bash
0 R root       476     1  0  80   0 -  4379 -      09:54 pts/0    00:00:00 ps -elf --no-headers
4 S root         1     0  0  80   0 -  5063 -      09:11 pts/0    00:00:00 /bin/bash
0 R root       478     1  0  80   0 -  4379 -      09:54 pts/0    00:00:00 ps -elf --no-headers
4 S root         1     0  0  80   0 -  5063 -      09:11 pts/0    00:00:00 /bin/bash
0 R root       480     1  0  80   0 -  4379 -      09:54 pts/0    00:00:00 ps -elf --no-headers
4 S root         1     0  0  80   0 -  5063 -      09:11 pts/0    00:00:00 /bin/bash
0 R root       482     1  0  80   0 -  4379 -      09:54 pts/0    00:00:00 ps -elf --no-headers
4 S root         1     0  0  80   0 -  5063 -      09:11 pts/0    00:00:00 /bin/bash
0 R root       484     1  0  80   0 -  4379 -      09:54 pts/0    00:00:00 ps -elf --no-headers
4 S root         1     0  0  80   0 -  5063 -      09:11 pts/0    00:00:00 /bin/bash
0 R root       486     1  0  80   0 -  4379 -      09:54 pts/0    00:00:00 ps -elf --no-headers
4 S root         1     0  0  80   0 -  5063 -      09:11 pts/0    00:00:00 /bin/bash
0 R root       488     1  0  80   0 -  4379 -      09:54 pts/0    00:00:00 ps -elf --no-headers
4 S root         1     0  0  80   0 -  5063 -      09:11 pts/0    00:00:00 /bin/bash
0 R root       490     1  0  80   0 -  4379 -      09:54 pts/0    00:00:00 ps -elf --no-headers
4 S root         1     0  0  80   0 -  5063 -      09:11 pts/0    00:00:00 /bin/bash
0 R root       492     1  0  80   0 -  4379 -      09:54 pts/0    00:00:00 ps -elf --no-headers
4 S root         1     0  0  80   0 -  5063 -      09:11 pts/0    00:00:00 /bin/bash
0 R root       494     1  0  80   0 -  4379 -      09:54 pts/0    00:00:00 ps -elf --no-headers
4 S root         1     0  0  80   0 -  5063 -      09:11 pts/0    00:00:00 /bin/bash
0 R root       496     1  0  80   0 -  4379 -      09:55 pts/0    00:00:00 ps -elf --no-headers
4 S root         1     0  0  80   0 -  5063 -      09:11 pts/0    00:00:00 /bin/bash
0 R root       498     1  0  80   0 -  4379 -      09:55 pts/0    00:00:00 ps -elf --no-headers
4 S root         1     0  0  80   0 -  5063 -      09:11 pts/0    00:00:00 /bin/bash
0 R root       500     1  0  80   0 -  4379 -      09:55 pts/0    00:00:00 ps -elf --no-headers
4 S root         1     0  0  80   0 -  5063 -      09:11 pts/0    00:00:00 /bin/bash
0 R root       502     1  0  80   0 -  4379 -      09:55 pts/0    00:00:00 ps -elf --no-headers
4 S root         1     0  0  80   0 -  5063 -      09:11 pts/0    00:00:00 /bin/bash
0 R root       504     1  0  80   0 -  4379 -      09:55 pts/0    00:00:00 ps -elf --no-headers
4 S root         1     0  0  80   0 -  5063 -      09:11 pts/0    00:00:00 /bin/bash
0 R root       506     1  0  80   0 -  4379 -      09:55 pts/0    00:00:00 ps -elf --no-headers
4 S root         1     0  0  80   0 -  5063 -      09:11 pts/0    00:00:00 /bin/bash
0 R root       508     1  0  80   0 -  4379 -      09:55 pts/0    00:00:00 ps -elf --no-headers
4 S root         1     0  0  80   0 -  5063 -      09:11 pts/0    00:00:00 /bin/bash
0 R root       510     1  0  80   0 -  4379 -      09:55 pts/0    00:00:00 ps -elf --no-headers
4 S root         1     0  0  80   0 -  5063 -      09:11 pts/0    00:00:00 /bin/bash
0 R root       512     1  0  80   0 -  4379 -      09:55 pts/0    00:00:00 ps -elf --no-headers
4 S root         1     0  0  80   0 -  5063 -      09:11 pts/0    00:00:00 /bin/bash
0 R root       514     1  0  80   0 -  4379 -      09:55 pts/0    00:00:00 ps -elf --no-headers
4 S root         1     0  0  80   0 -  5063 -      09:11 pts/0    00:00:00 /bin/bash
0 R root       516     1  0  80   0 -  4379 -      09:55 pts/0    00:00:00 ps -elf --no-headers
4 S root         1     0  0  80   0 -  5063 -      09:11 pts/0    00:00:00 /bin/bash
0 R root       518     1  0  80   0 -  4379 -      09:56 pts/0    00:00:00 ps -elf --no-headers
4 S root         1     0  0  80   0 -  5063 -      09:11 pts/0    00:00:00 /bin/bash
0 R root       520     1  0  80   0 -  4379 -      09:56 pts/0    00:00:00 ps -elf --no-headers
4 S root         1     0  0  80   0 -  5063 -      09:11 pts/0    00:00:00 /bin/bash
0 R root       522     1  0  80   0 -  4379 -      09:56 pts/0    00:00:00 ps -elf --no-headers
4 S root         1     0  0  80   0 -  5063 -      09:11 pts/0    00:00:00 /bin/bash
0 R root       524     1  0  80   0 -  4379 -      09:56 pts/0    00:00:00 ps -elf --no-headers
4 S root         1     0  0  80   0 -  5063 -      09:11 pts/0    00:00:00 /bin/bash
0 R root       526     1  0  80   0 -  4379 -      09:56 pts/0    00:00:00 ps -elf --no-headers
4 S root         1     0  0  80   0 -  5063 -      09:11 pts/0    00:00:00 /bin/bash
0 R root       528     1  0  80   0 -  4379 -      09:56 pts/0    00:00:00 ps -elf --no-headers
4 S root         1     0  0  80   0 -  5063 -      09:11 pts/0    00:00:00 /bin/bash
0 R root       530     1  0  80   0 -  4379 -      09:56 pts/0    00:00:00 ps -elf --no-headers
4 S root         1     0  0  80   0 -  5063 -      09:11 pts/0    00:00:00 /bin/bash
0 R root       532     1  0  80   0 -  4379 -      09:56 pts/0    00:00:00 ps -elf --no-headers
4 S root         1     0  0  80   0 -  5063 -      09:11 pts/0    00:00:00 /bin/bash
0 R root       534     1  0  80   0 -  4379 -      09:56 pts/0    00:00:00 ps -elf --no-headers
4 S root         1     0  0  80   0 -  5063 -      09:11 pts/0    00:00:00 /bin/bash
0 R root       536     1  0  80   0 -  4379 -      09:56 pts/0    00:00:00 ps -elf --no-headers
4 S root         1     0  0  80   0 -  5063 -      09:11 pts/0    00:00:00 /bin/bash
0 R root       538     1  0  80   0 -  4379 -      09:56 pts/0    00:00:00 ps -elf --no-headers
4 S root         1     0  0  80   0 -  5063 -      09:11 pts/0    00:00:00 /bin/bash
0 R root       540     1  0  80   0 -  4379 -      09:56 pts/0    00:00:00 ps -elf --no-headers
4 S root         1     0  0  80   0 -  5063 -      09:11 pts/0    00:00:00 /bin/bash
0 R root       542     1  0  80   0 -  4379 -      09:57 pts/0    00:00:00 ps -elf --no-headers
4 S root         1     0  0  80   0 -  5063 -      09:11 pts/0    00:00:00 /bin/bash
0 R root       544     1  0  80   0 -  4379 -      09:57 pts/0    00:00:00 ps -elf --no-headers
4 S root         1     0  0  80   0 -  5063 -      09:11 pts/0    00:00:00 /bin/bash
0 R root       546     1  0  80   0 -  4379 -      09:57 pts/0    00:00:00 ps -elf --no-headers
4 S root         1     0  0  80   0 -  5063 -      09:11 pts/0    00:00:00 /bin/bash
0 R root       548     1  0  80   0 -  4379 -      09:57 pts/0    00:00:00 ps -elf --no-headers
4 S root         1     0  0  80   0 -  5063 -      09:11 pts/0    00:00:00 /bin/bash
0 R root       550     1  0  80   0 -  4379 -      09:57 pts/0    00:00:00 ps -elf --no-headers
4 S root         1     0  0  80   0 -  5063 -      09:11 pts/0    00:00:00 /bin/bash
0 R root       552     1  0  80   0 -  4379 -      09:57 pts/0    00:00:00 ps -elf --no-headers
4 S root         1     0  0  80   0 -  5063 -      09:11 pts/0    00:00:00 /bin/bash
0 R root       554     1  0  80   0 -  4379 -      09:57 pts/0    00:00:00 ps -elf --no-headers
4 S root         1     0  0  80   0 -  5063 -      09:11 pts/0    00:00:00 /bin/bash
0 R root       556     1  0  80   0 -  4379 -      09:57 pts/0    00:00:00 ps -elf --no-headers
4 S root         1     0  0  80   0 -  5063 -      09:11 pts/0    00:00:00 /bin/bash
0 R root       558     1  0  80   0 -  4379 -      09:57 pts/0    00:00:00 ps -elf --no-headers
4 S root         1     0  0  80   0 -  5063 -      09:11 pts/0    00:00:00 /bin/bash
0 R root       560     1  0  80   0 -  4379 -      09:57 pts/0    00:00:00 ps -elf --no-headers
4 S root         1     0  0  80   0 -  5063 -      09:11 pts/0    00:00:00 /bin/bash
0 R root       562     1  0  80   0 -  4379 -      09:57 pts/0    00:00:00 ps -elf --no-headers
4 S root         1     0  0  80   0 -  5063 -      09:11 pts/0    00:00:00 /bin/bash
0 R root       564     1  0  80   0 -  4379 -      09:57 pts/0    00:00:00 ps -elf --no-headers
4 S root         1     0  0  80   0 -  5063 -      09:11 pts/0    00:00:00 /bin/bash
0 R root       566     1  0  80   0 -  4379 -      09:58 pts/0    00:00:00 ps -elf --no-headers
4 S root         1     0  0  80   0 -  5063 -      09:11 pts/0    00:00:00 /bin/bash
0 R root       568     1  0  80   0 -  4379 -      09:58 pts/0    00:00:00 ps -elf --no-headers
4 S root         1     0  0  80   0 -  5063 -      09:11 pts/0    00:00:00 /bin/bash
0 R root       570     1  0  80   0 -  4379 -      09:58 pts/0    00:00:00 ps -elf --no-headers
4 S root         1     0  0  80   0 -  5063 -      09:11 pts/0    00:00:00 /bin/bash
0 R root       572     1  0  80   0 -  4379 -      09:58 pts/0    00:00:00 ps -elf --no-headers
4 S root         1     0  0  80   0 -  5063 -      09:11 pts/0    00:00:00 /bin/bash
0 R root       574     1  0  80   0 -  4379 -      09:58 pts/0    00:00:00 ps -elf --no-headers
4 S root         1     0  0  80   0 -  5063 -      09:11 pts/0    00:00:00 /bin/bash
0 R root       576     1  0  80   0 -  4379 -      09:58 pts/0    00:00:00 ps -elf --no-headers
4 S root         1     0  0  80   0 -  5063 -      09:11 pts/0    00:00:00 /bin/bash
0 R root       578     1  0  80   0 -  4379 -      09:58 pts/0    00:00:00 ps -elf --no-headers
4 S root         1     0  0  80   0 -  5063 -      09:11 pts/0    00:00:00 /bin/bash
0 R root       580     1  0  80   0 -  4379 -      09:58 pts/0    00:00:00 ps -elf --no-headers
4 S root         1     0  0  80   0 -  5063 -      09:11 pts/0    00:00:00 /bin/bash
0 R root       582     1  0  80   0 -  4379 -      09:58 pts/0    00:00:00 ps -elf --no-headers
4 S root         1     0  0  80   0 -  5063 -      09:11 pts/0    00:00:00 /bin/bash
0 R root       584     1  0  80   0 -  4379 -      09:58 pts/0    00:00:00 ps -elf --no-headers
4 S root         1     0  0  80   0 -  5063 -      09:11 pts/0    00:00:00 /bin/bash
0 R root       586     1  0  80   0 -  4379 -      09:58 pts/0    00:00:00 ps -elf --no-headers
4 S root         1     0  0  80   0 -  5063 -      09:11 pts/0    00:00:00 /bin/bash
0 R root       588     1  0  80   0 -  4379 -      09:58 pts/0    00:00:00 ps -elf --no-headers
4 S root         1     0  0  80   0 -  5063 -      09:11 pts/0    00:00:00 /bin/bash
0 R root       590     1  0  80   0 -  4379 -      09:59 pts/0    00:00:00 ps -elf --no-headers
4 S root         1     0  0  80   0 -  5063 -      09:11 pts/0    00:00:00 /bin/bash
0 R root       592     1  0  80   0 -  4379 -      09:59 pts/0    00:00:00 ps -elf --no-headers
4 S root         1     0  0  80   0 -  5063 -      09:11 pts/0    00:00:00 /bin/bash
0 R root       594     1  0  80   0 -  4379 -      09:59 pts/0    00:00:00 ps -elf --no-headers
4 S root         1     0  0  80   0 -  5063 -      09:11 pts/0    00:00:00 /bin/bash
0 R root       596     1  0  80   0 -  4379 -      09:59 pts/0    00:00:00 ps -elf --no-headers
4 S root         1     0  0  80   0 -  5063 -      09:11 pts/0    00:00:00 /bin/bash
0 R root       598     1  0  80   0 -  4379 -      09:59 pts/0    00:00:00 ps -elf --no-headers
4 S root         1     0  0  80   0 -  5063 -      09:11 pts/0    00:00:00 /bin/bash
0 R root       600     1  0  80   0 -  4379 -      09:59 pts/0    00:00:00 ps -elf --no-headers
4 S root         1     0  0  80   0 -  5063 -      09:11 pts/0    00:00:00 /bin/bash
0 R root       602     1  0  80   0 -  4379 -      09:59 pts/0    00:00:00 ps -elf --no-headers
4 S root         1     0  0  80   0 -  5063 -      09:11 pts/0    00:00:00 /bin/bash
0 R root       604     1  0  80   0 -  4379 -      09:59 pts/0    00:00:00 ps -elf --no-headers
4 S root         1     0  0  80   0 -  5063 -      09:11 pts/0    00:00:00 /bin/bash
0 R root       606     1  0  80   0 -  4379 -      09:59 pts/0    00:00:00 ps -elf --no-headers
4 S root         1     0  0  80   0 -  5063 -      09:11 pts/0    00:00:00 /bin/bash
0 R root       608     1  0  80   0 -  4379 -      09:59 pts/0    00:00:00 ps -elf --no-headers
4 S root         1     0  0  80   0 -  5063 -      09:11 pts/0    00:00:00 /bin/bash
0 R root       610     1  0  80   0 -  4379 -      09:59 pts/0    00:00:00 ps -elf --no-headers
4 S root         1     0  0  80   0 -  5063 -      09:11 pts/0    00:00:00 /bin/bash
0 R root       612     1  0  80   0 -  4379 -      09:59 pts/0    00:00:00 ps -elf --no-headers
4 S root         1     0  0  80   0 -  5063 -      09:11 pts/0    00:00:00 /bin/bash
0 R root       614     1  0  80   0 -  4379 -      10:00 pts/0    00:00:00 ps -elf --no-headers
4 S root         1     0  0  80   0 -  5063 -      09:11 pts/0    00:00:00 /bin/bash
0 R root       616     1  0  80   0 -  4379 -      10:00 pts/0    00:00:00 ps -elf --no-headers
4 S root         1     0  0  80   0 -  5063 -      09:11 pts/0    00:00:00 /bin/bash
0 R root       618     1  0  80   0 -  4379 -      10:00 pts/0    00:00:00 ps -elf --no-headers
4 S root         1     0  0  80   0 -  5063 -      09:11 pts/0    00:00:00 /bin/bash
0 R root       620     1  0  80   0 -  4379 -      10:00 pts/0    00:00:00 ps -elf --no-headers
4 S root         1     0  0  80   0 -  5063 -      09:11 pts/0    00:00:00 /bin/bash
0 R root       622     1  0  80   0 -  4379 -      10:00 pts/0    00:00:00 ps -elf --no-headers
4 S root         1     0  0  80   0 -  5063 -      09:11 pts/0    00:00:00 /bin/bash
0 R root       624     1  0  80   0 -  4379 -      10:00 pts/0    00:00:00 ps -elf --no-headers
4 S root         1     0  0  80   0 -  5063 -      09:11 pts/0    00:00:00 /bin/bash
0 R root       626     1  0  80   0 -  4379 -      10:00 pts/0    00:00:00 ps -elf --no-headers
4 S root         1     0  0  80   0 -  5063 -      09:11 pts/0    00:00:00 /bin/bash
0 R root       628     1  0  80   0 -  4379 -      10:00 pts/0    00:00:00 ps -elf --no-headers
4 S root         1     0  0  80   0 -  5063 -      09:11 pts/0    00:00:00 /bin/bash
0 R root       630     1  0  80   0 -  4379 -      10:00 pts/0    00:00:00 ps -elf --no-headers
4 S root         1     0  0  80   0 -  5063 -      09:11 pts/0    00:00:00 /bin/bash
0 R root       632     1  0  80   0 -  4379 -      10:00 pts/0    00:00:00 ps -elf --no-headers
4 S root         1     0  0  80   0 -  5063 -      09:11 pts/0    00:00:00 /bin/bash
0 R root       634     1  0  80   0 -  4379 -      10:00 pts/0    00:00:00 ps -elf --no-headers
4 S root         1     0  0  80   0 -  5063 -      09:11 pts/0    00:00:00 /bin/bash
0 R root       636     1  0  80   0 -  4379 -      10:00 pts/0    00:00:00 ps -elf --no-headers
4 S root         1     0  0  80   0 -  5063 -      09:11 pts/0    00:00:00 /bin/bash
0 R root       638     1  0  80   0 -  4379 -      10:01 pts/0    00:00:00 ps -elf --no-headers
4 S root         1     0  0  80   0 -  5063 -      09:11 pts/0    00:00:00 /bin/bash
0 R root       640     1  0  80   0 -  4379 -      10:01 pts/0    00:00:00 ps -elf --no-headers
4 S root         1     0  0  80   0 -  5063 -      09:11 pts/0    00:00:00 /bin/bash
0 R root       642     1  0  80   0 -  4379 -      10:01 pts/0    00:00:00 ps -elf --no-headers
4 S root         1     0  0  80   0 -  5063 -      09:11 pts/0    00:00:00 /bin/bash
0 R root       644     1  0  80   0 -  4379 -      10:01 pts/0    00:00:00 ps -elf --no-headers
4 S root         1     0  0  80   0 -  5063 -      09:11 pts/0    00:00:00 /bin/bash
0 R root       646     1  0  80   0 -  4379 -      10:01 pts/0    00:00:00 ps -elf --no-headers
4 S root         1     0  0  80   0 -  5063 -      09:11 pts/0    00:00:00 /bin/bash
0 R root       648     1  0  80   0 -  4379 -      10:01 pts/0    00:00:00 ps -elf --no-headers
4 S root         1     0  0  80   0 -  5063 -      09:11 pts/0    00:00:00 /bin/bash
0 R root       650     1  0  80   0 -  4379 -      10:01 pts/0    00:00:00 ps -elf --no-headers
4 S root         1     0  0  80   0 -  5063 -      09:11 pts/0    00:00:00 /bin/bash
0 R root       652     1  0  80   0 -  4379 -      10:01 pts/0    00:00:00 ps -elf --no-headers
4 S root         1     0  0  80   0 -  5063 -      09:11 pts/0    00:00:00 /bin/bash
0 R root       654     1  0  80   0 -  4379 -      10:01 pts/0    00:00:00 ps -elf --no-headers
4 S root         1     0  0  80   0 -  5063 -      09:11 pts/0    00:00:00 /bin/bash
0 R root       656     1  0  80   0 -  4379 -      10:01 pts/0    00:00:00 ps -elf --no-headers
4 S root         1     0  0  80   0 -  5063 -      09:11 pts/0    00:00:00 /bin/bash
0 R root       658     1  0  80   0 -  4379 -      10:01 pts/0    00:00:00 ps -elf --no-headers
4 S root         1     0  0  80   0 -  5063 -      09:11 pts/0    00:00:00 /bin/bash
0 R root       660     1  0  80   0 -  4379 -      10:01 pts/0    00:00:00 ps -elf --no-headers
4 S root         1     0  0  80   0 -  5063 -      09:11 pts/0    00:00:00 /bin/bash
0 R root       662     1  0  80   0 -  4379 -      10:02 pts/0    00:00:00 ps -elf --no-headers
4 S root         1     0  0  80   0 -  5063 -      09:11 pts/0    00:00:00 /bin/bash
0 R root       664     1  0  80   0 -  4379 -      10:02 pts/0    00:00:00 ps -elf --no-headers
4 S root         1     0  0  80   0 -  5063 -      09:11 pts/0    00:00:00 /bin/bash
0 R root       666     1  0  80   0 -  4379 -      10:02 pts/0    00:00:00 ps -elf --no-headers
4 S root         1     0  0  80   0 -  5063 -      09:11 pts/0    00:00:00 /bin/bash
0 R root       668     1  0  80   0 -  4379 -      10:02 pts/0    00:00:00 ps -elf --no-headers
4 S root         1     0  0  80   0 -  5063 -      09:11 pts/0    00:00:00 /bin/bash
0 R root       670     1  0  80   0 -  4379 -      10:02 pts/0    00:00:00 ps -elf --no-headers
4 S root         1     0  0  80   0 -  5063 -      09:11 pts/0    00:00:00 /bin/bash
0 R root       672     1  0  80   0 -  4379 -      10:02 pts/0    00:00:00 ps -elf --no-headers
4 S root         1     0  0  80   0 -  5063 -      09:11 pts/0    00:00:00 /bin/bash
0 R root       674     1  0  80   0 -  4379 -      10:02 pts/0    00:00:00 ps -elf --no-headers
4 S root         1     0  0  80   0 -  5063 -      09:11 pts/0    00:00:00 /bin/bash
0 R root       676     1  0  80   0 -  4379 -      10:02 pts/0    00:00:00 ps -elf --no-headers
4 S root         1     0  0  80   0 -  5063 -      09:11 pts/0    00:00:00 /bin/bash
0 R root       678     1  0  80   0 -  4379 -      10:02 pts/0    00:00:00 ps -elf --no-headers
4 S root         1     0  0  80   0 -  5063 -      09:11 pts/0    00:00:00 /bin/bash
0 R root       680     1  0  80   0 -  4379 -      10:02 pts/0    00:00:00 ps -elf --no-headers
4 S root         1     0  0  80   0 -  5063 -      09:11 pts/0    00:00:00 /bin/bash
0 R root       682     1  0  80   0 -  4379 -      10:02 pts/0    00:00:00 ps -elf --no-headers
4 S root         1     0  0  80   0 -  5063 -      09:11 pts/0    00:00:00 /bin/bash
0 R root       684     1  0  80   0 -  4379 -      10:02 pts/0    00:00:00 ps -elf --no-headers
4 S root         1     0  0  80   0 -  5063 -      09:11 pts/0    00:00:00 /bin/bash
0 R root       686     1  0  80   0 -  4379 -      10:03 pts/0    00:00:00 ps -elf --no-headers
4 S root         1     0  0  80   0 -  5063 -      09:11 pts/0    00:00:00 /bin/bash
0 R root       688     1  0  80   0 -  4379 -      10:03 pts/0    00:00:00 ps -elf --no-headers
4 S root         1     0  0  80   0 -  5063 -      09:11 pts/0    00:00:00 /bin/bash
0 R root       690     1  0  80   0 -  4379 -      10:03 pts/0    00:00:00 ps -elf --no-headers
4 S root         1     0  0  80   0 -  5063 -      09:11 pts/0    00:00:00 /bin/bash
0 R root       692     1  0  80   0 -  4379 -      10:03 pts/0    00:00:00 ps -elf --no-headers
4 S root         1     0  0  80   0 -  5063 -      09:11 pts/0    00:00:00 /bin/bash
0 R root       694     1  0  80   0 -  4379 -      10:03 pts/0    00:00:00 ps -elf --no-headers
4 S root         1     0  0  80   0 -  5063 -      09:11 pts/0    00:00:00 /bin/bash
0 R root       696     1  0  80   0 -  4379 -      10:03 pts/0    00:00:00 ps -elf --no-headers
4 S root         1     0  0  80   0 -  5063 -      09:11 pts/0    00:00:00 /bin/bash
0 R root       698     1  0  80   0 -  4379 -      10:03 pts/0    00:00:00 ps -elf --no-headers
4 S root         1     0  0  80   0 -  5063 -      09:11 pts/0    00:00:00 /bin/bash
0 R root       700     1  0  80   0 -  4379 -      10:03 pts/0    00:00:00 ps -elf --no-headers
4 S root         1     0  0  80   0 -  5063 -      09:11 pts/0    00:00:00 /bin/bash
0 R root       702     1  0  80   0 -  4379 -      10:03 pts/0    00:00:00 ps -elf --no-headers
4 S root         1     0  0  80   0 -  5063 -      09:11 pts/0    00:00:00 /bin/bash
0 R root       704     1  0  80   0 -  4379 -      10:03 pts/0    00:00:00 ps -elf --no-headers
4 S root         1     0  0  80   0 -  5063 -      09:11 pts/0    00:00:00 /bin/bash
0 R root       706     1  0  80   0 -  4379 -      10:03 pts/0    00:00:00 ps -elf --no-headers
4 S root         1     0  0  80   0 -  5063 -      09:11 pts/0    00:00:00 /bin/bash
0 R root       708     1  0  80   0 -  4379 -      10:03 pts/0    00:00:00 ps -elf --no-headers
4 S root         1     0  0  80   0 -  5063 -      09:11 pts/0    00:00:00 /bin/bash
0 R root       710     1  0  80   0 -  4379 -      10:04 pts/0    00:00:00 ps -elf --no-headers
4 S root         1     0  0  80   0 -  5063 -      09:11 pts/0    00:00:00 /bin/bash
0 R root       712     1  0  80   0 -  4379 -      10:04 pts/0    00:00:00 ps -elf --no-headers
4 S root         1     0  0  80   0 -  5063 -      09:11 pts/0    00:00:00 /bin/bash
0 R root       714     1  0  80   0 -  4379 -      10:04 pts/0    00:00:00 ps -elf --no-headers
4 S root         1     0  0  80   0 -  5063 -      09:11 pts/0    00:00:00 /bin/bash
0 R root       716     1  0  80   0 -  4379 -      10:04 pts/0    00:00:00 ps -elf --no-headers
4 S root         1     0  0  80   0 -  5063 -      09:11 pts/0    00:00:00 /bin/bash
0 R root       718     1  0  80   0 -  4379 -      10:04 pts/0    00:00:00 ps -elf --no-headers
4 S root         1     0  0  80   0 -  5063 -      09:11 pts/0    00:00:00 /bin/bash
0 R root       720     1  0  80   0 -  4379 -      10:04 pts/0    00:00:00 ps -elf --no-headers
4 S root         1     0  0  80   0 -  5063 -      09:11 pts/0    00:00:00 /bin/bash
0 R root       722     1  0  80   0 -  4379 -      10:04 pts/0    00:00:00 ps -elf --no-headers
4 S root         1     0  0  80   0 -  5063 -      09:11 pts/0    00:00:00 /bin/bash
0 R root       724     1  0  80   0 -  4379 -      10:04 pts/0    00:00:00 ps -elf --no-headers
4 S root         1     0  0  80   0 -  5063 -      09:11 pts/0    00:00:00 /bin/bash
0 R root       726     1  0  80   0 -  4379 -      10:04 pts/0    00:00:00 ps -elf --no-headers
4 S root         1     0  0  80   0 -  5063 -      09:11 pts/0    00:00:00 /bin/bash
0 R root       728     1  0  80   0 -  4379 -      10:04 pts/0    00:00:00 ps -elf --no-headers
4 S root         1     0  0  80   0 -  5063 -      09:11 pts/0    00:00:00 /bin/bash
0 R root       730     1  0  80   0 -  4379 -      10:04 pts/0    00:00:00 ps -elf --no-headers
4 S root         1     0  0  80   0 -  5063 -      09:11 pts/0    00:00:00 /bin/bash
0 R root       732     1  0  80   0 -  4379 -      10:05 pts/0    00:00:00 ps -elf --no-headers
4 S root         1     0  0  80   0 -  5063 -      09:11 pts/0    00:00:00 /bin/bash
0 R root       734     1  0  80   0 -  4379 -      10:05 pts/0    00:00:00 ps -elf --no-headers
4 S root         1     0  0  80   0 -  5063 -      09:11 pts/0    00:00:00 /bin/bash
0 R root       736     1  0  80   0 -  4379 -      10:05 pts/0    00:00:00 ps -elf --no-headers
4 S root         1     0  0  80   0 -  5063 -      09:11 pts/0    00:00:00 /bin/bash
0 R root       738     1  0  80   0 -  4379 -      10:05 pts/0    00:00:00 ps -elf --no-headers
4 S root         1     0  0  80   0 -  5063 -      09:11 pts/0    00:00:00 /bin/bash
0 R root       740     1  0  80   0 -  4379 -      10:05 pts/0    00:00:00 ps -elf --no-headers
4 S root         1     0  0  80   0 -  5063 -      09:11 pts/0    00:00:00 /bin/bash
0 R root       742     1  0  80   0 -  4379 -      10:05 pts/0    00:00:00 ps -elf --no-headers
4 S root         1     0  0  80   0 -  5063 -      09:11 pts/0    00:00:00 /bin/bash
0 R root       744     1  0  80   0 -  4379 -      10:05 pts/0    00:00:00 ps -elf --no-headers
4 S root         1     0  0  80   0 -  5063 -      09:11 pts/0    00:00:00 /bin/bash
0 R root       746     1  0  80   0 -  4379 -      10:05 pts/0    00:00:00 ps -elf --no-headers
4 S root         1     0  0  80   0 -  5063 -      09:11 pts/0    00:00:00 /bin/bash
0 R root       748     1  0  80   0 -  4379 -      10:05 pts/0    00:00:00 ps -elf --no-headers
4 S root         1     0  0  80   0 -  5063 -      09:11 pts/0    00:00:00 /bin/bash
0 R root       750     1  0  80   0 -  4379 -      10:05 pts/0    00:00:00 ps -elf --no-headers
4 S root         1     0  0  80   0 -  5063 -      09:11 pts/0    00:00:00 /bin/bash
0 R root       752     1  0  80   0 -  4379 -      10:05 pts/0    00:00:00 ps -elf --no-headers
4 S root         1     0  0  80   0 -  5063 -      09:11 pts/0    00:00:00 /bin/bash
0 R root       754     1  0  80   0 -  4379 -      10:05 pts/0    00:00:00 ps -elf --no-headers
4 S root         1     0  0  80   0 -  5063 -      09:11 pts/0    00:00:00 /bin/bash
0 R root       756     1  0  80   0 -  4379 -      10:06 pts/0    00:00:00 ps -elf --no-headers
4 S root         1     0  0  80   0 -  5063 -      09:11 pts/0    00:00:00 /bin/bash
0 R root       758     1  0  80   0 -  4379 -      10:06 pts/0    00:00:00 ps -elf --no-headers
4 S root         1     0  0  80   0 -  5063 -      09:11 pts/0    00:00:00 /bin/bash
0 R root       760     1  0  80   0 -  4379 -      10:06 pts/0    00:00:00 ps -elf --no-headers
4 S root         1     0  0  80   0 -  5063 -      09:11 pts/0    00:00:00 /bin/bash
0 R root       762     1  0  80   0 -  4379 -      10:06 pts/0    00:00:00 ps -elf --no-headers
4 S root         1     0  0  80   0 -  5063 -      09:11 pts/0    00:00:00 /bin/bash
0 R root       764     1  0  80   0 -  4379 -      10:06 pts/0    00:00:00 ps -elf --no-headers
4 S root         1     0  0  80   0 -  5063 -      09:11 pts/0    00:00:00 /bin/bash
0 R root       766     1  0  80   0 -  4379 -      10:06 pts/0    00:00:00 ps -elf --no-headers
4 S root         1     0  0  80   0 -  5063 -      09:11 pts/0    00:00:00 /bin/bash
0 R root       768     1  0  80   0 -  4379 -      10:06 pts/0    00:00:00 ps -elf --no-headers
4 S root         1     0  0  80   0 -  5063 -      09:11 pts/0    00:00:00 /bin/bash
0 R root       770     1  0  80   0 -  4379 -      10:06 pts/0    00:00:00 ps -elf --no-headers
4 S root         1     0  0  80   0 -  5063 -      09:11 pts/0    00:00:00 /bin/bash
0 R root       772     1  0  80   0 -  4379 -      10:06 pts/0    00:00:00 ps -elf --no-headers
4 S root         1     0  0  80   0 -  5063 -      09:11 pts/0    00:00:00 /bin/bash
0 R root       774     1  0  80   0 -  4379 -      10:06 pts/0    00:00:00 ps -elf --no-headers
4 S root         1     0  0  80   0 -  5063 -      09:11 pts/0    00:00:00 /bin/bash
0 R root       776     1  0  80   0 -  4379 -      10:06 pts/0    00:00:00 ps -elf --no-headers
4 S root         1     0  0  80   0 -  5063 -      09:11 pts/0    00:00:00 /bin/bash
0 R root       778     1  0  80   0 -  4379 -      10:06 pts/0    00:00:00 ps -elf --no-headers
4 S root         1     0  0  80   0 -  5063 -      09:11 pts/0    00:00:00 /bin/bash
0 R root       780     1  0  80   0 -  4379 -      10:07 pts/0    00:00:00 ps -elf --no-headers
4 S root         1     0  0  80   0 -  5063 -      09:11 pts/0    00:00:00 /bin/bash
0 R root       782     1  0  80   0 -  4379 -      10:07 pts/0    00:00:00 ps -elf --no-headers
4 S root         1     0  0  80   0 -  5063 -      09:11 pts/0    00:00:00 /bin/bash
0 R root       784     1  0  80   0 -  4379 -      10:07 pts/0    00:00:00 ps -elf --no-headers
4 S root         1     0  0  80   0 -  5063 -      09:11 pts/0    00:00:00 /bin/bash
0 R root       786     1  0  80   0 -  4379 -      10:07 pts/0    00:00:00 ps -elf --no-headers
4 S root         1     0  0  80   0 -  5063 -      09:11 pts/0    00:00:00 /bin/bash
0 R root       788     1  0  80   0 -  4379 -      10:07 pts/0    00:00:00 ps -elf --no-headers
4 S root         1     0  0  80   0 -  5063 -      09:11 pts/0    00:00:00 /bin/bash
0 R root       790     1  0  80   0 -  4379 -      10:07 pts/0    00:00:00 ps -elf --no-headers
4 S root         1     0  0  80   0 -  5063 -      09:11 pts/0    00:00:00 /bin/bash
0 R root       792     1  0  80   0 -  4379 -      10:07 pts/0    00:00:00 ps -elf --no-headers
4 S root         1     0  0  80   0 -  5063 -      09:11 pts/0    00:00:00 /bin/bash
0 R root       794     1  0  80   0 -  4379 -      10:07 pts/0    00:00:00 ps -elf --no-headers
4 S root         1     0  0  80   0 -  5063 -      09:11 pts/0    00:00:00 /bin/bash
0 R root       796     1  0  80   0 -  4379 -      10:07 pts/0    00:00:00 ps -elf --no-headers
4 S root         1     0  0  80   0 -  5063 -      09:11 pts/0    00:00:00 /bin/bash
0 R root       798     1  0  80   0 -  4379 -      10:07 pts/0    00:00:00 ps -elf --no-headers
4 S root         1     0  0  80   0 -  5063 -      09:11 pts/0    00:00:00 /bin/bash
0 R root       800     1  0  80   0 -  4379 -      10:07 pts/0    00:00:00 ps -elf --no-headers
4 S root         1     0  0  80   0 -  5063 -      09:11 pts/0    00:00:00 /bin/bash
0 R root       802     1  0  80   0 -  4379 -      10:07 pts/0    00:00:00 ps -elf --no-headers
4 S root         1     0  0  80   0 -  5063 -      09:11 pts/0    00:00:00 /bin/bash
0 R root       804     1  0  80   0 -  4379 -      10:08 pts/0    00:00:00 ps -elf --no-headers
4 S root         1     0  0  80   0 -  5063 -      09:11 pts/0    00:00:00 /bin/bash
0 R root       806     1  0  80   0 -  4379 -      10:08 pts/0    00:00:00 ps -elf --no-headers
4 S root         1     0  0  80   0 -  5063 -      09:11 pts/0    00:00:00 /bin/bash
0 R root       808     1  0  80   0 -  4379 -      10:08 pts/0    00:00:00 ps -elf --no-headers
4 S root         1     0  0  80   0 -  5063 -      09:11 pts/0    00:00:00 /bin/bash
0 R root       810     1  0  80   0 -  4379 -      10:08 pts/0    00:00:00 ps -elf --no-headers
4 S root         1     0  0  80   0 -  5063 -      09:11 pts/0    00:00:00 /bin/bash
0 R root       812     1  0  80   0 -  4379 -      10:08 pts/0    00:00:00 ps -elf --no-headers
4 S root         1     0  0  80   0 -  5063 -      09:11 pts/0    00:00:00 /bin/bash
0 R root       814     1  0  80   0 -  4379 -      10:08 pts/0    00:00:00 ps -elf --no-headers
4 S root         1     0  0  80   0 -  5063 -      09:11 pts/0    00:00:00 /bin/bash
0 R root       816     1  0  80   0 -  4379 -      10:08 pts/0    00:00:00 ps -elf --no-headers
4 S root         1     0  0  80   0 -  5063 -      09:11 pts/0    00:00:00 /bin/bash
0 R root       818     1  0  80   0 -  4379 -      10:08 pts/0    00:00:00 ps -elf --no-headers
4 S root         1     0  0  80   0 -  5063 -      09:11 pts/0    00:00:00 /bin/bash
0 R root       820     1  0  80   0 -  4379 -      10:08 pts/0    00:00:00 ps -elf --no-headers
4 S root         1     0  0  80   0 -  5063 -      09:11 pts/0    00:00:00 /bin/bash
0 R root       822     1  0  80   0 -  4379 -      10:08 pts/0    00:00:00 ps -elf --no-headers
4 S root         1     0  0  80   0 -  5063 -      09:11 pts/0    00:00:00 /bin/bash
0 R root       824     1  0  80   0 -  4379 -      10:08 pts/0    00:00:00 ps -elf --no-headers
4 S root         1     0  0  80   0 -  5063 -      09:11 pts/0    00:00:00 /bin/bash
0 R root       826     1  0  80   0 -  4379 -      10:08 pts/0    00:00:00 ps -elf --no-headers
4 S root         1     0  0  80   0 -  5063 -      09:11 pts/0    00:00:00 /bin/bash
0 R root       828     1  0  80   0 -  4379 -      10:09 pts/0    00:00:00 ps -elf --no-headers
4 S root         1     0  0  80   0 -  5063 -      09:11 pts/0    00:00:00 /bin/bash
0 R root       830     1  0  80   0 -  4379 -      10:09 pts/0    00:00:00 ps -elf --no-headers
4 S root         1     0  0  80   0 -  5063 -      09:11 pts/0    00:00:00 /bin/bash
0 R root       832     1  0  80   0 -  4379 -      10:09 pts/0    00:00:00 ps -elf --no-headers
4 S root         1     0  0  80   0 -  5063 -      09:11 pts/0    00:00:00 /bin/bash
0 R root       834     1  0  80   0 -  4379 -      10:09 pts/0    00:00:00 ps -elf --no-headers
4 S root         1     0  0  80   0 -  5063 -      09:11 pts/0    00:00:00 /bin/bash
0 R root       836     1  0  80   0 -  4379 -      10:09 pts/0    00:00:00 ps -elf --no-headers
4 S root         1     0  0  80   0 -  5063 -      09:11 pts/0    00:00:00 /bin/bash
0 R root       838     1  0  80   0 -  4379 -      10:09 pts/0    00:00:00 ps -elf --no-headers
4 S root         1     0  0  80   0 -  5063 -      09:11 pts/0    00:00:00 /bin/bash
0 R root       840     1  0  80   0 -  4379 -      10:09 pts/0    00:00:00 ps -elf --no-headers
4 S root         1     0  0  80   0 -  5063 -      09:11 pts/0    00:00:00 /bin/bash
0 R root       842     1  0  80   0 -  4379 -      10:09 pts/0    00:00:00 ps -elf --no-headers
4 S root         1     0  0  80   0 -  5063 -      09:11 pts/0    00:00:00 /bin/bash
0 R root       844     1  0  80   0 -  4379 -      10:09 pts/0    00:00:00 ps -elf --no-headers
4 S root         1     0  0  80   0 -  5063 -      09:11 pts/0    00:00:00 /bin/bash
0 R root       846     1  0  80   0 -  4379 -      10:09 pts/0    00:00:00 ps -elf --no-headers
4 S root         1     0  0  80   0 -  5063 -      09:11 pts/0    00:00:00 /bin/bash
0 R root       848     1  0  80   0 -  4379 -      10:09 pts/0    00:00:00 ps -elf --no-headers
4 S root         1     0  0  80   0 -  5063 -      09:11 pts/0    00:00:00 /bin/bash
0 R root       850     1  0  80   0 -  4379 -      10:09 pts/0    00:00:00 ps -elf --no-headers
4 S root         1     0  0  80   0 -  5063 -      09:11 pts/0    00:00:00 /bin/bash
0 R root       852     1  0  80   0 -  4379 -      10:10 pts/0    00:00:00 ps -elf --no-headers
4 S root         1     0  0  80   0 -  5063 -      09:11 pts/0    00:00:00 /bin/bash
0 R root       854     1  0  80   0 -  4379 -      10:10 pts/0    00:00:00 ps -elf --no-headers
4 S root         1     0  0  80   0 -  5063 -      09:11 pts/0    00:00:00 /bin/bash
0 R root       856     1  0  80   0 -  4379 -      10:10 pts/0    00:00:00 ps -elf --no-headers
4 S root         1     0  0  80   0 -  5063 -      09:11 pts/0    00:00:00 /bin/bash
0 R root       858     1  0  80   0 -  4379 -      10:10 pts/0    00:00:00 ps -elf --no-headers
4 S root         1     0  0  80   0 -  5063 -      09:11 pts/0    00:00:00 /bin/bash
0 R root       860     1  0  80   0 -  4379 -      10:10 pts/0    00:00:00 ps -elf --no-headers
4 S root         1     0  0  80   0 -  5063 -      09:11 pts/0    00:00:00 /bin/bash
0 R root       862     1  0  80   0 -  4379 -      10:10 pts/0    00:00:00 ps -elf --no-headers
4 S root         1     0  0  80   0 -  5063 -      09:11 pts/0    00:00:00 /bin/bash
0 R root       864     1  0  80   0 -  4379 -      10:10 pts/0    00:00:00 ps -elf --no-headers
4 S root         1     0  0  80   0 -  5063 -      09:11 pts/0    00:00:00 /bin/bash
0 R root       866     1  0  80   0 -  4379 -      10:10 pts/0    00:00:00 ps -elf --no-headers
4 S root         1     0  0  80   0 -  5063 -      09:11 pts/0    00:00:00 /bin/bash
0 R root       868     1  0  80   0 -  4379 -      10:10 pts/0    00:00:00 ps -elf --no-headers
4 S root         1     0  0  80   0 -  5063 -      09:11 pts/0    00:00:00 /bin/bash
0 R root       870     1  0  80   0 -  4379 -      10:10 pts/0    00:00:00 ps -elf --no-headers
4 S root         1     0  0  80   0 -  5063 -      09:11 pts/0    00:00:00 /bin/bash
0 R root       872     1  0  80   0 -  4379 -      10:10 pts/0    00:00:00 ps -elf --no-headers
4 S root         1     0  0  80   0 -  5063 -      09:11 pts/0    00:00:00 /bin/bash
0 R root       874     1  0  80   0 -  4379 -      10:10 pts/0    00:00:00 ps -elf --no-headers
4 S root         1     0  0  80   0 -  5063 -      09:11 pts/0    00:00:00 /bin/bash
0 R root       876     1  0  80   0 -  4379 -      10:11 pts/0    00:00:00 ps -elf --no-headers
4 S root         1     0  0  80   0 -  5063 -      09:11 pts/0    00:00:00 /bin/bash
0 R root       878     1  0  80   0 -  4379 -      10:11 pts/0    00:00:00 ps -elf --no-headers
4 S root         1     0  0  80   0 -  5063 -      09:11 pts/0    00:00:00 /bin/bash
0 R root       880     1  0  80   0 -  4379 -      10:11 pts/0    00:00:00 ps -elf --no-headers
4 S root         1     0  0  80   0 -  5063 -      09:11 pts/0    00:00:00 /bin/bash
0 R root       882     1  0  80   0 -  4379 -      10:11 pts/0    00:00:00 ps -elf --no-headers
4 S root         1     0  0  80   0 -  5063 -      09:11 pts/0    00:00:00 /bin/bash
0 R root       884     1  0  80   0 -  4379 -      10:11 pts/0    00:00:00 ps -elf --no-headers
4 S root         1     0  0  80   0 -  5063 -      09:11 pts/0    00:00:00 /bin/bash
0 R root       886     1  0  80   0 -  4379 -      10:11 pts/0    00:00:00 ps -elf --no-headers
4 S root         1     0  0  80   0 -  5063 -      09:11 pts/0    00:00:00 /bin/bash
0 R root       888     1  0  80   0 -  4379 -      10:11 pts/0    00:00:00 ps -elf --no-headers
4 S root         1     0  0  80   0 -  5063 -      09:11 pts/0    00:00:00 /bin/bash
0 R root       890     1  0  80   0 -  4379 -      10:11 pts/0    00:00:00 ps -elf --no-headers
4 S root         1     0  0  80   0 -  5063 -      09:11 pts/0    00:00:00 /bin/bash
0 R root       892     1  0  80   0 -  4379 -      10:11 pts/0    00:00:00 ps -elf --no-headers
4 S root         1     0  0  80   0 -  5063 -      09:11 pts/0    00:00:00 /bin/bash
0 R root       894     1  0  80   0 -  4379 -      10:11 pts/0    00:00:00 ps -elf --no-headers
4 S root         1     0  0  80   0 -  5063 -      09:11 pts/0    00:00:00 /bin/bash
0 R root       896     1  0  80   0 -  4379 -      10:11 pts/0    00:00:00 ps -elf --no-headers
4 S root         1     0  0  80   0 -  5063 -      09:11 pts/0    00:00:00 /bin/bash
0 R root       898     1  0  80   0 -  4379 -      10:11 pts/0    00:00:00 ps -elf --no-headers
4 S root         1     0  0  80   0 -  5063 -      09:11 pts/0    00:00:00 /bin/bash
0 R root       900     1  0  80   0 -  4379 -      10:12 pts/0    00:00:00 ps -elf --no-headers
4 S root         1     0  0  80   0 -  5063 -      09:11 pts/0    00:00:00 /bin/bash
0 R root       902     1  0  80   0 -  4379 -      10:12 pts/0    00:00:00 ps -elf --no-headers
4 S root         1     0  0  80   0 -  5063 -      09:11 pts/0    00:00:00 /bin/bash
0 R root       904     1  0  80   0 -  4379 -      10:12 pts/0    00:00:00 ps -elf --no-headers
4 S root         1     0  0  80   0 -  5063 -      09:11 pts/0    00:00:00 /bin/bash
0 R root       906     1  0  80   0 -  4379 -      10:12 pts/0    00:00:00 ps -elf --no-headers
4 S root         1     0  0  80   0 -  5063 -      09:11 pts/0    00:00:00 /bin/bash
0 R root       908     1  0  80   0 -  4379 -      10:12 pts/0    00:00:00 ps -elf --no-headers
4 S root         1     0  0  80   0 -  5063 -      09:11 pts/0    00:00:00 /bin/bash
0 R root       910     1  0  80   0 -  4379 -      10:12 pts/0    00:00:00 ps -elf --no-headers
4 S root         1     0  0  80   0 -  5063 -      09:11 pts/0    00:00:00 /bin/bash
0 R root       912     1  0  80   0 -  4379 -      10:12 pts/0    00:00:00 ps -elf --no-headers
4 S root         1     0  0  80   0 -  5063 -      09:11 pts/0    00:00:00 /bin/bash
0 R root       914     1  0  80   0 -  4379 -      10:12 pts/0    00:00:00 ps -elf --no-headers
4 S root         1     0  0  80   0 -  5063 -      09:11 pts/0    00:00:00 /bin/bash
0 R root       916     1  0  80   0 -  4379 -      10:12 pts/0    00:00:00 ps -elf --no-headers
4 S root         1     0  0  80   0 -  5063 -      09:11 pts/0    00:00:00 /bin/bash
0 R root       918     1  0  80   0 -  4379 -      10:12 pts/0    00:00:00 ps -elf --no-headers
4 S root         1     0  0  80   0 -  5063 -      09:11 pts/0    00:00:00 /bin/bash
0 R root       920     1  0  80   0 -  4379 -      10:12 pts/0    00:00:00 ps -elf --no-headers
4 S root         1     0  0  80   0 -  5063 -      09:11 pts/0    00:00:00 /bin/bash
0 R root       922     1  0  80   0 -  4379 -      10:12 pts/0    00:00:00 ps -elf --no-headers
4 S root         1     0  0  80   0 -  5063 -      09:11 pts/0    00:00:00 /bin/bash
0 R root       924     1  0  80   0 -  4379 -      10:13 pts/0    00:00:00 ps -elf --no-headers
4 S root         1     0  0  80   0 -  5063 -      09:11 pts/0    00:00:00 /bin/bash
0 R root       926     1  0  80   0 -  4379 -      10:13 pts/0    00:00:00 ps -elf --no-headers
4 S root         1     0  0  80   0 -  5063 -      09:11 pts/0    00:00:00 /bin/bash
0 R root       928     1  0  80   0 -  4379 -      10:13 pts/0    00:00:00 ps -elf --no-headers
4 S root         1     0  0  80   0 -  5063 -      09:11 pts/0    00:00:00 /bin/bash
0 R root       930     1  0  80   0 -  4379 -      10:13 pts/0    00:00:00 ps -elf --no-headers
4 S root         1     0  0  80   0 -  5063 -      09:11 pts/0    00:00:00 /bin/bash
0 R root       932     1  0  80   0 -  4379 -      10:13 pts/0    00:00:00 ps -elf --no-headers
4 S root         1     0  0  80   0 -  5063 -      09:11 pts/0    00:00:00 /bin/bash
0 R root       934     1  0  80   0 -  4379 -      10:13 pts/0    00:00:00 ps -elf --no-headers
4 S root         1     0  0  80   0 -  5063 -      09:11 pts/0    00:00:00 /bin/bash
0 R root       936     1  0  80   0 -  4379 -      10:13 pts/0    00:00:00 ps -elf --no-headers
4 S root         1     0  0  80   0 -  5063 -      09:11 pts/0    00:00:00 /bin/bash
0 R root       938     1  0  80   0 -  4379 -      10:13 pts/0    00:00:00 ps -elf --no-headers
4 S root         1     0  0  80   0 -  5063 -      09:11 pts/0    00:00:00 /bin/bash
0 R root       940     1  0  80   0 -  4379 -      10:13 pts/0    00:00:00 ps -elf --no-headers
4 S root         1     0  0  80   0 -  5063 -      09:11 pts/0    00:00:00 /bin/bash
0 R root       942     1  0  80   0 -  4379 -      10:13 pts/0    00:00:00 ps -elf --no-headers
4 S root         1     0  0  80   0 -  5063 -      09:11 pts/0    00:00:00 /bin/bash
0 R root       944     1  0  80   0 -  4379 -      10:13 pts/0    00:00:00 ps -elf --no-headers
4 S root         1     0  0  80   0 -  5063 -      09:11 pts/0    00:00:00 /bin/bash
0 R root       946     1  0  80   0 -  4379 -      10:13 pts/0    00:00:00 ps -elf --no-headers
4 S root         1     0  0  80   0 -  5063 -      09:11 pts/0    00:00:00 /bin/bash
0 R root       948     1  0  80   0 -  4379 -      10:14 pts/0    00:00:00 ps -elf --no-headers
4 S root         1     0  0  80   0 -  5063 -      09:11 pts/0    00:00:00 /bin/bash
0 R root       950     1  0  80   0 -  4379 -      10:14 pts/0    00:00:00 ps -elf --no-headers
4 S root         1     0  0  80   0 -  5063 -      09:11 pts/0    00:00:00 /bin/bash
0 R root       952     1  0  80   0 -  4379 -      10:14 pts/0    00:00:00 ps -elf --no-headers
4 S root         1     0  0  80   0 -  5063 -      09:11 pts/0    00:00:00 /bin/bash
0 R root       954     1  0  80   0 -  4379 -      10:14 pts/0    00:00:00 ps -elf --no-headers
4 S root         1     0  0  80   0 -  5063 -      09:11 pts/0    00:00:00 /bin/bash
0 R root       956     1  0  80   0 -  4379 -      10:14 pts/0    00:00:00 ps -elf --no-headers
4 S root         1     0  0  80   0 -  5063 -      09:11 pts/0    00:00:00 /bin/bash
0 R root       958     1  0  80   0 -  4379 -      10:14 pts/0    00:00:00 ps -elf --no-headers
4 S root         1     0  0  80   0 -  5063 -      09:11 pts/0    00:00:00 /bin/bash
0 R root       960     1  0  80   0 -  4379 -      10:14 pts/0    00:00:00 ps -elf --no-headers
4 S root         1     0  0  80   0 -  5063 -      09:11 pts/0    00:00:00 /bin/bash
0 R root       962     1  0  80   0 -  4379 -      10:14 pts/0    00:00:00 ps -elf --no-headers
4 S root         1     0  0  80   0 -  5063 -      09:11 pts/0    00:00:00 /bin/bash
0 R root       964     1  0  80   0 -  4379 -      10:14 pts/0    00:00:00 ps -elf --no-headers
4 S root         1     0  0  80   0 -  5063 -      09:11 pts/0    00:00:00 /bin/bash
0 R root       966     1  0  80   0 -  4379 -      10:14 pts/0    00:00:00 ps -elf --no-headers
4 S root         1     0  0  80   0 -  5063 -      09:11 pts/0    00:00:00 /bin/bash
0 R root       968     1  0  80   0 -  4379 -      10:14 pts/0    00:00:00 ps -elf --no-headers
4 S root         1     0  0  80   0 -  5063 -      09:11 pts/0    00:00:00 /bin/bash
0 R root       970     1  0  80   0 -  4379 -      10:15 pts/0    00:00:00 ps -elf --no-headers
4 S root         1     0  0  80   0 -  5063 -      09:11 pts/0    00:00:00 /bin/bash
0 R root       972     1  0  80   0 -  4379 -      10:15 pts/0    00:00:00 ps -elf --no-headers
4 S root         1     0  0  80   0 -  5063 -      09:11 pts/0    00:00:00 /bin/bash
0 R root       974     1  0  80   0 -  4379 -      10:15 pts/0    00:00:00 ps -elf --no-headers
4 S root         1     0  0  80   0 -  5063 -      09:11 pts/0    00:00:00 /bin/bash
0 R root       976     1  0  80   0 -  4379 -      10:15 pts/0    00:00:00 ps -elf --no-headers
4 S root         1     0  0  80   0 -  5063 -      09:11 pts/0    00:00:00 /bin/bash
0 R root       978     1  0  80   0 -  4379 -      10:15 pts/0    00:00:00 ps -elf --no-headers
4 S root         1     0  0  80   0 -  5063 -      09:11 pts/0    00:00:00 /bin/bash
0 R root       980     1  0  80   0 -  4379 -      10:15 pts/0    00:00:00 ps -elf --no-headers
4 S root         1     0  0  80   0 -  5063 -      09:11 pts/0    00:00:00 /bin/bash
0 R root       982     1  0  80   0 -  4379 -      10:15 pts/0    00:00:00 ps -elf --no-headers
4 S root         1     0  0  80   0 -  5063 -      09:11 pts/0    00:00:00 /bin/bash
0 R root       984     1  0  80   0 -  4379 -      10:15 pts/0    00:00:00 ps -elf --no-headers
4 S root         1     0  0  80   0 -  5063 -      09:11 pts/0    00:00:00 /bin/bash
0 R root       986     1  0  80   0 -  4379 -      10:15 pts/0    00:00:00 ps -elf --no-headers
4 S root         1     0  0  80   0 -  5063 -      09:11 pts/0    00:00:00 /bin/bash
0 R root       988     1  0  80   0 -  4379 -      10:15 pts/0    00:00:00 ps -elf --no-headers
4 S root         1     0  0  80   0 -  5063 -      09:11 pts/0    00:00:00 /bin/bash
0 R root       990     1  0  80   0 -  4379 -      10:15 pts/0    00:00:00 ps -elf --no-headers
4 S root         1     0  0  80   0 -  5063 -      09:11 pts/0    00:00:00 /bin/bash
0 R root       992     1  0  80   0 -  4379 -      10:15 pts/0    00:00:00 ps -elf --no-headers
4 S root         1     0  0  80   0 -  5063 -      09:11 pts/0    00:00:00 /bin/bash
0 R root       994     1  0  80   0 -  4379 -      10:16 pts/0    00:00:00 ps -elf --no-headers
4 S root         1     0  0  80   0 -  5063 -      09:11 pts/0    00:00:00 /bin/bash
0 R root       996     1  0  80   0 -  4379 -      10:16 pts/0    00:00:00 ps -elf --no-headers
4 S root         1     0  0  80   0 -  5063 -      09:11 pts/0    00:00:00 /bin/bash
0 R root       998     1  0  80   0 -  4379 -      10:16 pts/0    00:00:00 ps -elf --no-headers
4 S root         1     0  0  80   0 -  5063 -      09:11 pts/0    00:00:00 /bin/bash
0 R root      1000     1  0  80   0 -  4379 -      10:16 pts/0    00:00:00 ps -elf --no-headers
4 S root         1     0  0  80   0 -  5063 -      09:11 pts/0    00:00:00 /bin/bash
0 R root      1002     1  0  80   0 -  4379 -      10:16 pts/0    00:00:00 ps -elf --no-headers
4 S root         1     0  0  80   0 -  5063 -      09:11 pts/0    00:00:00 /bin/bash
0 R root      1004     1  0  80   0 -  4379 -      10:16 pts/0    00:00:00 ps -elf --no-headers
4 S root         1     0  0  80   0 -  5063 -      09:11 pts/0    00:00:00 /bin/bash
0 R root      1006     1  0  80   0 -  4379 -      10:16 pts/0    00:00:00 ps -elf --no-headers
4 S root         1     0  0  80   0 -  5063 -      09:11 pts/0    00:00:00 /bin/bash
0 R root      1008     1  0  80   0 -  4379 -      10:16 pts/0    00:00:00 ps -elf --no-headers
4 S root         1     0  0  80   0 -  5063 -      09:11 pts/0    00:00:00 /bin/bash
0 R root      1010     1  0  80   0 -  4379 -      10:16 pts/0    00:00:00 ps -elf --no-headers
4 S root         1     0  0  80   0 -  5063 -      09:11 pts/0    00:00:00 /bin/bash
0 R root      1012     1  0  80   0 -  4379 -      10:16 pts/0    00:00:00 ps -elf --no-headers
4 S root         1     0  0  80   0 -  5063 -      09:11 pts/0    00:00:00 /bin/bash
0 R root      1014     1  0  80   0 -  4379 -      10:16 pts/0    00:00:00 ps -elf --no-headers
4 S root         1     0  0  80   0 -  5063 -      09:11 pts/0    00:00:00 /bin/bash
0 R root      1016     1  0  80   0 -  4379 -      10:16 pts/0    00:00:00 ps -elf --no-headers
4 S root         1     0  0  80   0 -  5063 -      09:11 pts/0    00:00:00 /bin/bash
0 R root      1018     1  0  80   0 -  4379 -      10:17 pts/0    00:00:00 ps -elf --no-headers
4 S root         1     0  0  80   0 -  5063 -      09:11 pts/0    00:00:00 /bin/bash
0 R root      1020     1  0  80   0 -  4379 -      10:17 pts/0    00:00:00 ps -elf --no-headers
4 S root         1     0  0  80   0 -  5063 -      09:11 pts/0    00:00:00 /bin/bash
0 R root      1022     1  0  80   0 -  4379 -      10:17 pts/0    00:00:00 ps -elf --no-headers
4 S root         1     0  0  80   0 -  5063 -      09:11 pts/0    00:00:00 /bin/bash
0 R root      1024     1  0  80   0 -  4379 -      10:17 pts/0    00:00:00 ps -elf --no-headers
